ARM GAS  C:\Users\vboxuser\AppData\Local\Temp\ccr8gTqZ.s 			page 1


   1              		.syntax unified
   2              		.cpu cortex-m0
   3              		.fpu softvfp
   4              		.eabi_attribute 20, 1
   5              		.eabi_attribute 21, 1
   6              		.eabi_attribute 23, 3
   7              		.eabi_attribute 24, 1
   8              		.eabi_attribute 25, 1
   9              		.eabi_attribute 26, 1
  10              		.eabi_attribute 30, 1
  11              		.eabi_attribute 34, 0
  12              		.eabi_attribute 18, 4
  13              		.thumb
  14              		.syntax unified
  15              		.file	"main.c"
  16              		.text
  17              	.Ltext0:
  18              		.cfi_sections	.debug_frame
  19              		.section	.text.Initialize,"ax",%progbits
  20              		.align	2
  21              		.global	Initialize
  22              		.code	16
  23              		.thumb_func
  24              		.type	Initialize, %function
  25              	Initialize:
  26              	.LFB35:
  27              		.file 1 "main.c"
   1:main.c        **** #include <project.h>
   2:main.c        **** #include <main.h>
   3:main.c        **** 
   4:main.c        **** int main (void)
   5:main.c        **** {
   6:main.c        ****     CyGlobalIntEnable; /* Enable global interrupts. */
   7:main.c        **** 
   8:main.c        ****     /* Place your initialization/startup code here (e.g. MyInst_Start()) */
   9:main.c        ****     Initialize();
  10:main.c        ****     
  11:main.c        ****     for(;;)
  12:main.c        ****     {
  13:main.c        ****         
  14:main.c        ****     }
  15:main.c        **** }
  16:main.c        **** 
  17:main.c        **** int Initialize() {
  28              		.loc 1 17 0
  29              		.cfi_startproc
  30              		@ args = 0, pretend = 0, frame = 0
  31              		@ frame_needed = 0, uses_anonymous_args = 0
  32 0000 10B5     		push	{r4, lr}
  33              		.cfi_def_cfa_offset 8
  34              		.cfi_offset 4, -8
  35              		.cfi_offset 14, -4
  18:main.c        ****     UART_UartPutString("Hello");
  36              		.loc 1 18 0
  37 0002 0248     		ldr	r0, .L2
  38 0004 FFF7FEFF 		bl	UART_UartPutString
  39              	.LVL0:
ARM GAS  C:\Users\vboxuser\AppData\Local\Temp\ccr8gTqZ.s 			page 2


  19:main.c        ****     return 1;
  20:main.c        **** }
  40              		.loc 1 20 0
  41 0008 0120     		movs	r0, #1
  42              		@ sp needed
  43 000a 10BD     		pop	{r4, pc}
  44              	.L3:
  45              		.align	2
  46              	.L2:
  47 000c 00000000 		.word	.LC0
  48              		.cfi_endproc
  49              	.LFE35:
  50              		.size	Initialize, .-Initialize
  51              		.section	.text.main,"ax",%progbits
  52              		.align	2
  53              		.global	main
  54              		.code	16
  55              		.thumb_func
  56              		.type	main, %function
  57              	main:
  58              	.LFB34:
   5:main.c        ****     CyGlobalIntEnable; /* Enable global interrupts. */
  59              		.loc 1 5 0
  60              		.cfi_startproc
  61              		@ Volatile: function does not return.
  62              		@ args = 0, pretend = 0, frame = 0
  63              		@ frame_needed = 0, uses_anonymous_args = 0
  64 0000 10B5     		push	{r4, lr}
  65              		.cfi_def_cfa_offset 8
  66              		.cfi_offset 4, -8
  67              		.cfi_offset 14, -4
   6:main.c        **** 
  68              		.loc 1 6 0
  69              		.syntax divided
  70              	@ 6 "main.c" 1
  71 0002 62B6     		CPSIE   i
  72              	@ 0 "" 2
   9:main.c        ****     
  73              		.loc 1 9 0
  74              		.thumb
  75              		.syntax unified
  76 0004 FFF7FEFF 		bl	Initialize
  77              	.LVL1:
  78              	.L5:
  79 0008 FEE7     		b	.L5
  80              		.cfi_endproc
  81              	.LFE34:
  82              		.size	main, .-main
  83 000a C046     		.section	.rodata.str1.4,"aMS",%progbits,1
  84              		.align	2
  85              	.LC0:
  86 0000 48656C6C 		.ascii	"Hello\000"
  86      6F00
  87              		.text
  88              	.Letext0:
  89              		.file 2 "Generated_Source\\PSoC4/UART_SPI_UART.h"
  90              		.section	.debug_info,"",%progbits
ARM GAS  C:\Users\vboxuser\AppData\Local\Temp\ccr8gTqZ.s 			page 3


  91              	.Ldebug_info0:
  92 0000 E7000000 		.4byte	0xe7
  93 0004 0400     		.2byte	0x4
  94 0006 00000000 		.4byte	.Ldebug_abbrev0
  95 000a 04       		.byte	0x4
  96 000b 01       		.uleb128 0x1
  97 000c EE000000 		.4byte	.LASF14
  98 0010 0C       		.byte	0xc
  99 0011 29000000 		.4byte	.LASF15
 100 0015 5E000000 		.4byte	.LASF16
 101 0019 00000000 		.4byte	.Ldebug_ranges0+0
 102 001d 00000000 		.4byte	0
 103 0021 00000000 		.4byte	.Ldebug_line0
 104 0025 02       		.uleb128 0x2
 105 0026 01       		.byte	0x1
 106 0027 06       		.byte	0x6
 107 0028 8F010000 		.4byte	.LASF0
 108 002c 02       		.uleb128 0x2
 109 002d 01       		.byte	0x1
 110 002e 08       		.byte	0x8
 111 002f 1B000000 		.4byte	.LASF1
 112 0033 02       		.uleb128 0x2
 113 0034 02       		.byte	0x2
 114 0035 05       		.byte	0x5
 115 0036 B8010000 		.4byte	.LASF2
 116 003a 02       		.uleb128 0x2
 117 003b 02       		.byte	0x2
 118 003c 07       		.byte	0x7
 119 003d 7C010000 		.4byte	.LASF3
 120 0041 02       		.uleb128 0x2
 121 0042 04       		.byte	0x4
 122 0043 05       		.byte	0x5
 123 0044 DE000000 		.4byte	.LASF4
 124 0048 02       		.uleb128 0x2
 125 0049 04       		.byte	0x4
 126 004a 07       		.byte	0x7
 127 004b 35000000 		.4byte	.LASF5
 128 004f 02       		.uleb128 0x2
 129 0050 08       		.byte	0x8
 130 0051 05       		.byte	0x5
 131 0052 00000000 		.4byte	.LASF6
 132 0056 02       		.uleb128 0x2
 133 0057 08       		.byte	0x8
 134 0058 07       		.byte	0x7
 135 0059 47000000 		.4byte	.LASF7
 136 005d 03       		.uleb128 0x3
 137 005e 04       		.byte	0x4
 138 005f 05       		.byte	0x5
 139 0060 696E7400 		.ascii	"int\000"
 140 0064 02       		.uleb128 0x2
 141 0065 04       		.byte	0x4
 142 0066 07       		.byte	0x7
 143 0067 0E000000 		.4byte	.LASF8
 144 006b 02       		.uleb128 0x2
 145 006c 04       		.byte	0x4
 146 006d 04       		.byte	0x4
 147 006e B2010000 		.4byte	.LASF9
ARM GAS  C:\Users\vboxuser\AppData\Local\Temp\ccr8gTqZ.s 			page 4


 148 0072 02       		.uleb128 0x2
 149 0073 08       		.byte	0x8
 150 0074 04       		.byte	0x4
 151 0075 E7000000 		.4byte	.LASF10
 152 0079 02       		.uleb128 0x2
 153 007a 01       		.byte	0x1
 154 007b 08       		.byte	0x8
 155 007c D9000000 		.4byte	.LASF11
 156 0080 02       		.uleb128 0x2
 157 0081 04       		.byte	0x4
 158 0082 07       		.byte	0x7
 159 0083 D5010000 		.4byte	.LASF12
 160 0087 02       		.uleb128 0x2
 161 0088 08       		.byte	0x8
 162 0089 04       		.byte	0x4
 163 008a 9B010000 		.4byte	.LASF13
 164 008e 04       		.uleb128 0x4
 165 008f A7010000 		.4byte	.LASF17
 166 0093 01       		.byte	0x1
 167 0094 11       		.byte	0x11
 168 0095 5D000000 		.4byte	0x5d
 169 0099 00000000 		.4byte	.LFB35
 170 009d 10000000 		.4byte	.LFE35-.LFB35
 171 00a1 01       		.uleb128 0x1
 172 00a2 9C       		.byte	0x9c
 173 00a3 BB000000 		.4byte	0xbb
 174 00a7 05       		.uleb128 0x5
 175 00a8 08000000 		.4byte	.LVL0
 176 00ac DE000000 		.4byte	0xde
 177 00b0 06       		.uleb128 0x6
 178 00b1 01       		.uleb128 0x1
 179 00b2 50       		.byte	0x50
 180 00b3 05       		.uleb128 0x5
 181 00b4 03       		.byte	0x3
 182 00b5 00000000 		.4byte	.LC0
 183 00b9 00       		.byte	0
 184 00ba 00       		.byte	0
 185 00bb 07       		.uleb128 0x7
 186 00bc 30000000 		.4byte	.LASF18
 187 00c0 01       		.byte	0x1
 188 00c1 04       		.byte	0x4
 189 00c2 5D000000 		.4byte	0x5d
 190 00c6 00000000 		.4byte	.LFB34
 191 00ca 0A000000 		.4byte	.LFE34-.LFB34
 192 00ce 01       		.uleb128 0x1
 193 00cf 9C       		.byte	0x9c
 194 00d0 DE000000 		.4byte	0xde
 195 00d4 08       		.uleb128 0x8
 196 00d5 08000000 		.4byte	.LVL1
 197 00d9 8E000000 		.4byte	0x8e
 198 00dd 00       		.byte	0
 199 00de 09       		.uleb128 0x9
 200 00df C2010000 		.4byte	.LASF19
 201 00e3 C2010000 		.4byte	.LASF19
 202 00e7 02       		.byte	0x2
 203 00e8 2A03     		.2byte	0x32a
 204 00ea 00       		.byte	0
ARM GAS  C:\Users\vboxuser\AppData\Local\Temp\ccr8gTqZ.s 			page 5


 205              		.section	.debug_abbrev,"",%progbits
 206              	.Ldebug_abbrev0:
 207 0000 01       		.uleb128 0x1
 208 0001 11       		.uleb128 0x11
 209 0002 01       		.byte	0x1
 210 0003 25       		.uleb128 0x25
 211 0004 0E       		.uleb128 0xe
 212 0005 13       		.uleb128 0x13
 213 0006 0B       		.uleb128 0xb
 214 0007 03       		.uleb128 0x3
 215 0008 0E       		.uleb128 0xe
 216 0009 1B       		.uleb128 0x1b
 217 000a 0E       		.uleb128 0xe
 218 000b 55       		.uleb128 0x55
 219 000c 17       		.uleb128 0x17
 220 000d 11       		.uleb128 0x11
 221 000e 01       		.uleb128 0x1
 222 000f 10       		.uleb128 0x10
 223 0010 17       		.uleb128 0x17
 224 0011 00       		.byte	0
 225 0012 00       		.byte	0
 226 0013 02       		.uleb128 0x2
 227 0014 24       		.uleb128 0x24
 228 0015 00       		.byte	0
 229 0016 0B       		.uleb128 0xb
 230 0017 0B       		.uleb128 0xb
 231 0018 3E       		.uleb128 0x3e
 232 0019 0B       		.uleb128 0xb
 233 001a 03       		.uleb128 0x3
 234 001b 0E       		.uleb128 0xe
 235 001c 00       		.byte	0
 236 001d 00       		.byte	0
 237 001e 03       		.uleb128 0x3
 238 001f 24       		.uleb128 0x24
 239 0020 00       		.byte	0
 240 0021 0B       		.uleb128 0xb
 241 0022 0B       		.uleb128 0xb
 242 0023 3E       		.uleb128 0x3e
 243 0024 0B       		.uleb128 0xb
 244 0025 03       		.uleb128 0x3
 245 0026 08       		.uleb128 0x8
 246 0027 00       		.byte	0
 247 0028 00       		.byte	0
 248 0029 04       		.uleb128 0x4
 249 002a 2E       		.uleb128 0x2e
 250 002b 01       		.byte	0x1
 251 002c 3F       		.uleb128 0x3f
 252 002d 19       		.uleb128 0x19
 253 002e 03       		.uleb128 0x3
 254 002f 0E       		.uleb128 0xe
 255 0030 3A       		.uleb128 0x3a
 256 0031 0B       		.uleb128 0xb
 257 0032 3B       		.uleb128 0x3b
 258 0033 0B       		.uleb128 0xb
 259 0034 27       		.uleb128 0x27
 260 0035 19       		.uleb128 0x19
 261 0036 49       		.uleb128 0x49
ARM GAS  C:\Users\vboxuser\AppData\Local\Temp\ccr8gTqZ.s 			page 6


 262 0037 13       		.uleb128 0x13
 263 0038 11       		.uleb128 0x11
 264 0039 01       		.uleb128 0x1
 265 003a 12       		.uleb128 0x12
 266 003b 06       		.uleb128 0x6
 267 003c 40       		.uleb128 0x40
 268 003d 18       		.uleb128 0x18
 269 003e 9742     		.uleb128 0x2117
 270 0040 19       		.uleb128 0x19
 271 0041 01       		.uleb128 0x1
 272 0042 13       		.uleb128 0x13
 273 0043 00       		.byte	0
 274 0044 00       		.byte	0
 275 0045 05       		.uleb128 0x5
 276 0046 898201   		.uleb128 0x4109
 277 0049 01       		.byte	0x1
 278 004a 11       		.uleb128 0x11
 279 004b 01       		.uleb128 0x1
 280 004c 31       		.uleb128 0x31
 281 004d 13       		.uleb128 0x13
 282 004e 00       		.byte	0
 283 004f 00       		.byte	0
 284 0050 06       		.uleb128 0x6
 285 0051 8A8201   		.uleb128 0x410a
 286 0054 00       		.byte	0
 287 0055 02       		.uleb128 0x2
 288 0056 18       		.uleb128 0x18
 289 0057 9142     		.uleb128 0x2111
 290 0059 18       		.uleb128 0x18
 291 005a 00       		.byte	0
 292 005b 00       		.byte	0
 293 005c 07       		.uleb128 0x7
 294 005d 2E       		.uleb128 0x2e
 295 005e 01       		.byte	0x1
 296 005f 3F       		.uleb128 0x3f
 297 0060 19       		.uleb128 0x19
 298 0061 03       		.uleb128 0x3
 299 0062 0E       		.uleb128 0xe
 300 0063 3A       		.uleb128 0x3a
 301 0064 0B       		.uleb128 0xb
 302 0065 3B       		.uleb128 0x3b
 303 0066 0B       		.uleb128 0xb
 304 0067 27       		.uleb128 0x27
 305 0068 19       		.uleb128 0x19
 306 0069 49       		.uleb128 0x49
 307 006a 13       		.uleb128 0x13
 308 006b 8701     		.uleb128 0x87
 309 006d 19       		.uleb128 0x19
 310 006e 11       		.uleb128 0x11
 311 006f 01       		.uleb128 0x1
 312 0070 12       		.uleb128 0x12
 313 0071 06       		.uleb128 0x6
 314 0072 40       		.uleb128 0x40
 315 0073 18       		.uleb128 0x18
 316 0074 9742     		.uleb128 0x2117
 317 0076 19       		.uleb128 0x19
 318 0077 01       		.uleb128 0x1
ARM GAS  C:\Users\vboxuser\AppData\Local\Temp\ccr8gTqZ.s 			page 7


 319 0078 13       		.uleb128 0x13
 320 0079 00       		.byte	0
 321 007a 00       		.byte	0
 322 007b 08       		.uleb128 0x8
 323 007c 898201   		.uleb128 0x4109
 324 007f 00       		.byte	0
 325 0080 11       		.uleb128 0x11
 326 0081 01       		.uleb128 0x1
 327 0082 31       		.uleb128 0x31
 328 0083 13       		.uleb128 0x13
 329 0084 00       		.byte	0
 330 0085 00       		.byte	0
 331 0086 09       		.uleb128 0x9
 332 0087 2E       		.uleb128 0x2e
 333 0088 00       		.byte	0
 334 0089 3F       		.uleb128 0x3f
 335 008a 19       		.uleb128 0x19
 336 008b 3C       		.uleb128 0x3c
 337 008c 19       		.uleb128 0x19
 338 008d 6E       		.uleb128 0x6e
 339 008e 0E       		.uleb128 0xe
 340 008f 03       		.uleb128 0x3
 341 0090 0E       		.uleb128 0xe
 342 0091 3A       		.uleb128 0x3a
 343 0092 0B       		.uleb128 0xb
 344 0093 3B       		.uleb128 0x3b
 345 0094 05       		.uleb128 0x5
 346 0095 00       		.byte	0
 347 0096 00       		.byte	0
 348 0097 00       		.byte	0
 349              		.section	.debug_aranges,"",%progbits
 350 0000 24000000 		.4byte	0x24
 351 0004 0200     		.2byte	0x2
 352 0006 00000000 		.4byte	.Ldebug_info0
 353 000a 04       		.byte	0x4
 354 000b 00       		.byte	0
 355 000c 0000     		.2byte	0
 356 000e 0000     		.2byte	0
 357 0010 00000000 		.4byte	.LFB35
 358 0014 10000000 		.4byte	.LFE35-.LFB35
 359 0018 00000000 		.4byte	.LFB34
 360 001c 0A000000 		.4byte	.LFE34-.LFB34
 361 0020 00000000 		.4byte	0
 362 0024 00000000 		.4byte	0
 363              		.section	.debug_ranges,"",%progbits
 364              	.Ldebug_ranges0:
 365 0000 00000000 		.4byte	.LFB35
 366 0004 10000000 		.4byte	.LFE35
 367 0008 00000000 		.4byte	.LFB34
 368 000c 0A000000 		.4byte	.LFE34
 369 0010 00000000 		.4byte	0
 370 0014 00000000 		.4byte	0
 371              		.section	.debug_line,"",%progbits
 372              	.Ldebug_line0:
 373 0000 6D000000 		.section	.debug_str,"MS",%progbits,1
 373      02004700 
 373      00000201 
ARM GAS  C:\Users\vboxuser\AppData\Local\Temp\ccr8gTqZ.s 			page 8


 373      FB0E0D00 
 373      01010101 
 374              	.LASF6:
 375 0000 6C6F6E67 		.ascii	"long long int\000"
 375      206C6F6E 
 375      6720696E 
 375      7400
 376              	.LASF8:
 377 000e 756E7369 		.ascii	"unsigned int\000"
 377      676E6564 
 377      20696E74 
 377      00
 378              	.LASF1:
 379 001b 756E7369 		.ascii	"unsigned char\000"
 379      676E6564 
 379      20636861 
 379      7200
 380              	.LASF15:
 381 0029 6D61696E 		.ascii	"main.c\000"
 381      2E6300
 382              	.LASF18:
 383 0030 6D61696E 		.ascii	"main\000"
 383      00
 384              	.LASF5:
 385 0035 6C6F6E67 		.ascii	"long unsigned int\000"
 385      20756E73 
 385      69676E65 
 385      6420696E 
 385      7400
 386              	.LASF7:
 387 0047 6C6F6E67 		.ascii	"long long unsigned int\000"
 387      206C6F6E 
 387      6720756E 
 387      7369676E 
 387      65642069 
 388              	.LASF16:
 389 005e 433A5C55 		.ascii	"C:\\Users\\vboxuser\\HuskyRobotics\\General_Purpose"
 389      73657273 
 389      5C76626F 
 389      78757365 
 389      725C4875 
 390 008d 5F4D6F74 		.ascii	"_Motor_Board_PY2023\\GeneralPurposeMotorBoard\\Gene"
 390      6F725F42 
 390      6F617264 
 390      5F505932 
 390      3032335C 
 391 00be 72616C50 		.ascii	"ralPurposeMotorBoard.cydsn\000"
 391      7572706F 
 391      73654D6F 
 391      746F7242 
 391      6F617264 
 392              	.LASF11:
 393 00d9 63686172 		.ascii	"char\000"
 393      00
 394              	.LASF4:
 395 00de 6C6F6E67 		.ascii	"long int\000"
 395      20696E74 
ARM GAS  C:\Users\vboxuser\AppData\Local\Temp\ccr8gTqZ.s 			page 9


 395      00
 396              	.LASF10:
 397 00e7 646F7562 		.ascii	"double\000"
 397      6C6500
 398              	.LASF14:
 399 00ee 474E5520 		.ascii	"GNU C11 5.4.1 20160609 (release) [ARM/embedded-5-br"
 399      43313120 
 399      352E342E 
 399      31203230 
 399      31363036 
 400 0121 616E6368 		.ascii	"anch revision 237715] -mcpu=cortex-m0 -mthumb -g -O"
 400      20726576 
 400      6973696F 
 400      6E203233 
 400      37373135 
 401 0154 67202D66 		.ascii	"g -ffunction-sections -ffat-lto-objects\000"
 401      66756E63 
 401      74696F6E 
 401      2D736563 
 401      74696F6E 
 402              	.LASF3:
 403 017c 73686F72 		.ascii	"short unsigned int\000"
 403      7420756E 
 403      7369676E 
 403      65642069 
 403      6E7400
 404              	.LASF0:
 405 018f 7369676E 		.ascii	"signed char\000"
 405      65642063 
 405      68617200 
 406              	.LASF13:
 407 019b 6C6F6E67 		.ascii	"long double\000"
 407      20646F75 
 407      626C6500 
 408              	.LASF17:
 409 01a7 496E6974 		.ascii	"Initialize\000"
 409      69616C69 
 409      7A6500
 410              	.LASF9:
 411 01b2 666C6F61 		.ascii	"float\000"
 411      7400
 412              	.LASF2:
 413 01b8 73686F72 		.ascii	"short int\000"
 413      7420696E 
 413      7400
 414              	.LASF19:
 415 01c2 55415254 		.ascii	"UART_UartPutString\000"
 415      5F556172 
 415      74507574 
 415      53747269 
 415      6E6700
 416              	.LASF12:
 417 01d5 73697A65 		.ascii	"sizetype\000"
 417      74797065 
 417      00
 418              		.ident	"GCC: (GNU Tools for ARM Embedded Processors) 5.4.1 20160609 (release) [ARM/embedded-5-bran
