--------------- Build Started: 06/15/2023 13:41:09 Project: Motor_Board_Rev3, Configuration: ARM GCC 5.4-2016-q2-update Debug ---------------
The code generation step is up to date.
arm-none-eabi-gcc.exe -mcpu=cortex-m0 -mthumb -I. -IGenerated_Source\PSoC4 -Wa,-alh=.\CortexM0\ARM_GCC_541\Debug/main.lst -g -D DEBUG -D CY_CORE_ID=0 -D CHIP_TYPE=CHIP_TYPE_PSOC_CY8C4248AZI_L485 -Wall -ffunction-sections -ffat-lto-objects -Og -c ..\MotorFirmware\main.c -o .\CortexM0\ARM_GCC_541\Debug\main.o
In file included from ..\MotorFirmware\../CANLib/CANLibrary.h:12:0,
                 from ..\MotorFirmware\main.h:15,
                 from ..\MotorFirmware\main.c:13:
..\MotorFirmware\../CANLib/CANPacket.h:59:0: warning: "DEVICE_GROUP_BROADCAST" redefined
 #define DEVICE_GROUP_BROADCAST          (uint8_t) 0x00
 ^
In file included from ..\MotorFirmware\../CANLib/CANPacket.h:13:0,
                 from ..\MotorFirmware\../CANLib/CANLibrary.h:12,
                 from ..\MotorFirmware\main.h:15,
                 from ..\MotorFirmware\main.c:13:
..\MotorFirmware\../CANLib/CANSerialNumbers.h:64:0: note: this is the location of the previous definition
 #define DEVICE_GROUP_BROADCAST  0x0
 ^
In file included from ..\MotorFirmware\../CANLib/CANLibrary.h:12:0,
                 from ..\MotorFirmware\main.h:15,
                 from ..\MotorFirmware\main.c:13:
..\MotorFirmware\../CANLib/CANPacket.h:60:0: warning: "DEVICE_GROUP_RESERVED" redefined
 #define DEVICE_GROUP_RESERVED           (uint8_t) 0x01 // DO NOT USE. For future expansion
 ^
In file included from ..\MotorFirmware\../CANLib/CANPacket.h:13:0,
                 from ..\MotorFirmware\../CANLib/CANLibrary.h:12,
                 from ..\MotorFirmware\main.h:15,
                 from ..\MotorFirmware\main.c:13:
..\MotorFirmware\../CANLib/CANSerialNumbers.h:65:0: note: this is the location of the previous definition
 #define DEVICE_GROUP_RESERVED   0x1
 ^
In file included from ..\MotorFirmware\../CANLib/CANLibrary.h:12:0,
                 from ..\MotorFirmware\main.h:15,
                 from ..\MotorFirmware\main.c:13:
..\MotorFirmware\../CANLib/CANPacket.h:62:0: warning: "DEVICE_GROUP_MASTER" redefined
 #define DEVICE_GROUP_MASTER             DEVICE_GROUP_JETSON
 ^
In file included from ..\MotorFirmware\../CANLib/CANPacket.h:13:0,
                 from ..\MotorFirmware\../CANLib/CANLibrary.h:12,
                 from ..\MotorFirmware\main.h:15,
                 from ..\MotorFirmware\main.c:13:
..\MotorFirmware\../CANLib/CANSerialNumbers.h:66:0: note: this is the location of the previous definition
 #define DEVICE_GROUP_MASTER     0x2
 ^
In file included from ..\MotorFirmware\../CANLib/CANLibrary.h:12:0,
                 from ..\MotorFirmware\main.h:15,
                 from ..\MotorFirmware\main.c:13:
..\MotorFirmware\../CANLib/CANPacket.h:63:0: warning: "DEVICE_GROUP_POWER" redefined
 #define DEVICE_GROUP_POWER              (uint8_t) 0x03
 ^
In file included from ..\MotorFirmware\../CANLib/CANPacket.h:13:0,
                 from ..\MotorFirmware\../CANLib/CANLibrary.h:12,
                 from ..\MotorFirmware\main.h:15,
                 from ..\MotorFirmware\main.c:13:
..\MotorFirmware\../CANLib/CANSerialNumbers.h:67:0: note: this is the location of the previous definition
 #define DEVICE_GROUP_POWER      0x3
 ^
..\MotorFirmware\main.c: In function 'Period_Reset_Handler':
..\MotorFirmware\main.c:53:9: warning: unused variable 'timer' [-Wunused-variable]
     int timer = Timer_PWM_ReadStatusRegister();
         ^
..\MotorFirmware\main.c: In function 'DebugPrint':
..\MotorFirmware\main.c:191:29: warning: format '%i' expects argument of type 'int', but argument 3 has type 'int32_t {aka long int}' [-Wformat=]
             sprintf(txData, "P: %i I: %i D: %i Conv: %i Ready: %i \r\n", 
                             ^
..\MotorFirmware\main.c:191:29: warning: format '%i' expects argument of type 'int', but argument 4 has type 'int32_t {aka long int}' [-Wformat=]
..\MotorFirmware\main.c:191:29: warning: format '%i' expects argument of type 'int', but argument 5 has type 'int32_t {aka long int}' [-Wformat=]
..\MotorFirmware\main.c:191:29: warning: format '%i' expects argument of type 'int', but argument 3 has type 'int32_t {aka long int}' [-Wformat=]
arm-none-eabi-gcc.exe -mcpu=cortex-m0 -mthumb -I. -IGenerated_Source\PSoC4 -Wa,-alh=.\CortexM0\ARM_GCC_541\Debug/Motor_Unit_CAN.lst -g -D DEBUG -D CY_CORE_ID=0 -D CHIP_TYPE=CHIP_TYPE_PSOC_CY8C4248AZI_L485 -Wall -ffunction-sections -ffat-lto-objects -Og -c ..\MotorFirmware\Motor_Unit_CAN.c -o .\CortexM0\ARM_GCC_541\Debug\Motor_Unit_CAN.o
..\MotorFirmware\main.c:191:29: warning: format '%i' expects argument of type 'int', but argument 4 has type 'int32_t {aka long int}' [-Wformat=]
..\MotorFirmware\main.c:191:29: warning: format '%i' expects argument of type 'int', but argument 5 has type 'int32_t {aka long int}' [-Wformat=]
..\MotorFirmware\main.c:195:29: warning: format '%i' expects argument of type 'int', but argument 3 has type 'int32_t {aka long int}' [-Wformat=]
             sprintf(txData, "Position (mDeg): %i \r\n", GetPositionmDeg());
                             ^
..\MotorFirmware\main.c:195:29: warning: format '%i' expects argument of type 'int', but argument 3 has type 'int32_t {aka long int}' [-Wformat=]
..\MotorFirmware\main.c:198:29: warning: format '%d' expects argument of type 'int', but argument 3 has type 'int32_t {aka long int}' [-Wformat=]
             sprintf(txData, "Value: %d  ADC range: %d-%d  mDeg range: %d-%d  usePot=%d\r\n", 
                             ^
..\MotorFirmware\main.c:198:29: warning: format '%d' expects argument of type 'int', but argument 4 has type 'int32_t {aka long int}' [-Wformat=]
..\MotorFirmware\main.c:198:29: warning: format '%d' expects argument of type 'int', but argument 5 has type 'int32_t {aka long int}' [-Wformat=]
..\MotorFirmware\main.c:198:29: warning: format '%d' expects argument of type 'int', but argument 6 has type 'int32_t {aka long int}' [-Wformat=]
..\MotorFirmware\main.c:198:29: warning: format '%d' expects argument of type 'int', but argument 7 has type 'int32_t {aka long int}' [-Wformat=]
..\MotorFirmware\main.c:198:29: warning: format '%d' expects argument of type 'int', but argument 3 has type 'int32_t {aka long int}' [-Wformat=]
..\MotorFirmware\main.c:198:29: warning: format '%d' expects argument of type 'int', but argument 4 has type 'int32_t {aka long int}' [-Wformat=]
..\MotorFirmware\main.c:198:29: warning: format '%d' expects argument of type 'int', but argument 5 has type 'int32_t {aka long int}' [-Wformat=]
..\MotorFirmware\main.c:198:29: warning: format '%d' expects argument of type 'int', but argument 6 has type 'int32_t {aka long int}' [-Wformat=]
..\MotorFirmware\main.c:198:29: warning: format '%d' expects argument of type 'int', but argument 7 has type 'int32_t {aka long int}' [-Wformat=]
In file included from ..\MotorFirmware\../CANLib/CANLibrary.h:12:0,
                 from ..\MotorFirmware\main.h:15,
                 from ..\MotorFirmware\Motor_Unit_CAN.c:14:
..\MotorFirmware\../CANLib/CANPacket.h:59:0: warning: "DEVICE_GROUP_BROADCAST" redefined
 #define DEVICE_GROUP_BROADCAST          (uint8_t) 0x00
 ^
In file included from ..\MotorFirmware\../CANLib/CANPacket.h:13:0,
                 from ..\MotorFirmware\../CANLib/CANLibrary.h:12,
                 from ..\MotorFirmware\main.h:15,
                 from ..\MotorFirmware\Motor_Unit_CAN.c:14:
..\MotorFirmware\../CANLib/CANSerialNumbers.h:64:0: note: this is the location of the previous definition
 #define DEVICE_GROUP_BROADCAST  0x0
 ^
In file included from ..\MotorFirmware\../CANLib/CANLibrary.h:12:0,
                 from ..\MotorFirmware\main.h:15,
                 from ..\MotorFirmware\Motor_Unit_CAN.c:14:
..\MotorFirmware\../CANLib/CANPacket.h:60:0: warning: "DEVICE_GROUP_RESERVED" redefined
 #define DEVICE_GROUP_RESERVED           (uint8_t) 0x01 // DO NOT USE. For future expansion
 ^
In file included from ..\MotorFirmware\../CANLib/CANPacket.h:13:0,
                 from ..\MotorFirmware\../CANLib/CANLibrary.h:12,
                 from ..\MotorFirmware\main.h:15,
                 from ..\MotorFirmware\Motor_Unit_CAN.c:14:
..\MotorFirmware\../CANLib/CANSerialNumbers.h:65:0: note: this is the location of the previous definition
 #define DEVICE_GROUP_RESERVED   0x1
 ^
In file included from ..\MotorFirmware\../CANLib/CANLibrary.h:12:0,
                 from ..\MotorFirmware\main.h:15,
                 from ..\MotorFirmware\Motor_Unit_CAN.c:14:
..\MotorFirmware\../CANLib/CANPacket.h:62:0: warning: "DEVICE_GROUP_MASTER" redefined
 #define DEVICE_GROUP_MASTER             DEVICE_GROUP_JETSON
 ^
In file included from ..\MotorFirmware\../CANLib/CANPacket.h:13:0,
                 from ..\MotorFirmware\../CANLib/CANLibrary.h:12,
                 from ..\MotorFirmware\main.h:15,
                 from ..\MotorFirmware\Motor_Unit_CAN.c:14:
..\MotorFirmware\../CANLib/CANSerialNumbers.h:66:0: note: this is the location of the previous definition
 #define DEVICE_GROUP_MASTER     0x2
 ^
In file included from ..\MotorFirmware\../CANLib/CANLibrary.h:12:0,
                 from ..\MotorFirmware\main.h:15,
                 from ..\MotorFirmware\Motor_Unit_CAN.c:14:
..\MotorFirmware\../CANLib/CANPacket.h:63:0: warning: "DEVICE_GROUP_POWER" redefined
 #define DEVICE_GROUP_POWER              (uint8_t) 0x03
 ^
In file included from ..\MotorFirmware\../CANLib/CANPacket.h:13:0,
                 from ..\MotorFirmware\../CANLib/CANLibrary.h:12,
                 from ..\MotorFirmware\main.h:15,
                 from ..\MotorFirmware\Motor_Unit_CAN.c:14:
..\MotorFirmware\../CANLib/CANSerialNumbers.h:67:0: note: this is the location of the previous definition
 #define DEVICE_GROUP_POWER      0x3
 ^
..\MotorFirmware\Motor_Unit_CAN.c: In function 'NextStateFromCAN':
..\MotorFirmware\Motor_Unit_CAN.c:108:36: warning: implicit declaration of function 'GetPotADCFromPacket' [-Wimplicit-function-declaration]
                         setTickMin(GetPotADCFromPacket(receivedPacket));
                                    ^
..\MotorFirmware\Motor_Unit_CAN.c:109:36: warning: implicit declaration of function 'GetPotmDegFromPacket' [-Wimplicit-function-declaration]
                         setmDegMin(GetPotmDegFromPacket(receivedPacket));
                                    ^
..\MotorFirmware\Motor_Unit_CAN.c:39:13: warning: unused variable 'motor_serial' [-Wunused-variable]
     uint8_t motor_serial = GetDeviceSerialNumber(receivedPacket); //get which motor
             ^
arm-none-eabi-gcc.exe -mcpu=cortex-m0 -mthumb -I. -IGenerated_Source\PSoC4 -Wa,-alh=.\CortexM0\ARM_GCC_541\Debug/MotorDrive.lst -g -D DEBUG -D CY_CORE_ID=0 -D CHIP_TYPE=CHIP_TYPE_PSOC_CY8C4248AZI_L485 -Wall -ffunction-sections -ffat-lto-objects -Og -c ..\MotorFirmware\MotorDrive.c -o .\CortexM0\ARM_GCC_541\Debug\MotorDrive.o
In file included from ..\MotorFirmware\../CANLib/CANLibrary.h:12:0,
                 from ..\MotorFirmware\main.h:15,
                 from ..\MotorFirmware\MotorDrive.c:15:
arm-none-eabi-gcc.exe -mcpu=cortex-m0 -mthumb -I. -IGenerated_Source\PSoC4 -Wa,-alh=.\CortexM0\ARM_GCC_541\Debug/PositionPID.lst -g -D DEBUG -D CY_CORE_ID=0 -D CHIP_TYPE=CHIP_TYPE_PSOC_CY8C4248AZI_L485 -Wall -ffunction-sections -ffat-lto-objects -Og -c ..\MotorFirmware\PositionPID.c -o .\CortexM0\ARM_GCC_541\Debug\PositionPID.o
..\MotorFirmware\../CANLib/CANPacket.h:59:0: warning: "DEVICE_GROUP_BROADCAST" redefined
 #define DEVICE_GROUP_BROADCAST          (uint8_t) 0x00
 ^
In file included from ..\MotorFirmware\../CANLib/CANPacket.h:13:0,
                 from ..\MotorFirmware\../CANLib/CANLibrary.h:12,
                 from ..\MotorFirmware\main.h:15,
                 from ..\MotorFirmware\MotorDrive.c:15:
..\MotorFirmware\../CANLib/CANSerialNumbers.h:64:0: note: this is the location of the previous definition
 #define DEVICE_GROUP_BROADCAST  0x0
 ^
In file included from ..\MotorFirmware\../CANLib/CANLibrary.h:12:0,
                 from ..\MotorFirmware\main.h:15,
                 from ..\MotorFirmware\MotorDrive.c:15:
..\MotorFirmware\../CANLib/CANPacket.h:60:0: warning: "DEVICE_GROUP_RESERVED" redefined
 #define DEVICE_GROUP_RESERVED           (uint8_t) 0x01 // DO NOT USE. For future expansion
 ^
In file included from ..\MotorFirmware\../CANLib/CANPacket.h:13:0,
                 from ..\MotorFirmware\../CANLib/CANLibrary.h:12,
                 from ..\MotorFirmware\main.h:15,
                 from ..\MotorFirmware\MotorDrive.c:15:
..\MotorFirmware\../CANLib/CANSerialNumbers.h:65:0: note: this is the location of the previous definition
 #define DEVICE_GROUP_RESERVED   0x1
 ^
In file included from ..\MotorFirmware\../CANLib/CANLibrary.h:12:0,
                 from ..\MotorFirmware\main.h:15,
                 from ..\MotorFirmware\MotorDrive.c:15:
..\MotorFirmware\../CANLib/CANPacket.h:62:0: warning: "DEVICE_GROUP_MASTER" redefined
 #define DEVICE_GROUP_MASTER             DEVICE_GROUP_JETSON
 ^
In file included from ..\MotorFirmware\../CANLib/CANPacket.h:13:0,
                 from ..\MotorFirmware\../CANLib/CANLibrary.h:12,
                 from ..\MotorFirmware\main.h:15,
                 from ..\MotorFirmware\MotorDrive.c:15:
..\MotorFirmware\../CANLib/CANSerialNumbers.h:66:0: note: this is the location of the previous definition
 #define DEVICE_GROUP_MASTER     0x2
 ^
In file included from ..\MotorFirmware\../CANLib/CANLibrary.h:12:0,
                 from ..\MotorFirmware\main.h:15,
                 from ..\MotorFirmware\MotorDrive.c:15:
..\MotorFirmware\../CANLib/CANPacket.h:63:0: warning: "DEVICE_GROUP_POWER" redefined
 #define DEVICE_GROUP_POWER              (uint8_t) 0x03
 ^
In file included from ..\MotorFirmware\../CANLib/CANPacket.h:13:0,
                 from ..\MotorFirmware\../CANLib/CANLibrary.h:12,
                 from ..\MotorFirmware\main.h:15,
                 from ..\MotorFirmware\MotorDrive.c:15:
..\MotorFirmware\../CANLib/CANSerialNumbers.h:67:0: note: this is the location of the previous definition
 #define DEVICE_GROUP_POWER      0x3
 ^
In file included from ..\MotorFirmware\../CANLib/CANLibrary.h:12:0,
                 from ..\MotorFirmware\main.h:15,
                 from ..\MotorFirmware\PositionPID.c:17:
..\MotorFirmware\../CANLib/CANPacket.h:59:0: warning: "DEVICE_GROUP_BROADCAST" redefined
 #define DEVICE_GROUP_BROADCAST          (uint8_t) 0x00
 ^
In file included from ..\MotorFirmware\../CANLib/CANPacket.h:13:0,
                 from ..\MotorFirmware\../CANLib/CANLibrary.h:12,
                 from ..\MotorFirmware\main.h:15,
                 from ..\MotorFirmware\PositionPID.c:17:
..\MotorFirmware\../CANLib/CANSerialNumbers.h:64:0: note: this is the location of the previous definition
 #define DEVICE_GROUP_BROADCAST  0x0
 ^
In file included from ..\MotorFirmware\../CANLib/CANLibrary.h:12:0,
                 from ..\MotorFirmware\main.h:15,
                 from ..\MotorFirmware\PositionPID.c:17:
..\MotorFirmware\../CANLib/CANPacket.h:60:0: warning: "DEVICE_GROUP_RESERVED" redefined
 #define DEVICE_GROUP_RESERVED           (uint8_t) 0x01 // DO NOT USE. For future expansion
 ^
In file included from ..\MotorFirmware\../CANLib/CANPacket.h:13:0,
                 from ..\MotorFirmware\../CANLib/CANLibrary.h:12,
                 from ..\MotorFirmware\main.h:15,
                 from ..\MotorFirmware\PositionPID.c:17:
..\MotorFirmware\../CANLib/CANSerialNumbers.h:65:0: note: this is the location of the previous definition
 #define DEVICE_GROUP_RESERVED   0x1
 ^
In file included from ..\MotorFirmware\../CANLib/CANLibrary.h:12:0,
                 from ..\MotorFirmware\main.h:15,
                 from ..\MotorFirmware\PositionPID.c:17:
..\MotorFirmware\../CANLib/CANPacket.h:62:0: warning: "DEVICE_GROUP_MASTER" redefined
 #define DEVICE_GROUP_MASTER             DEVICE_GROUP_JETSON
 ^
In file included from ..\MotorFirmware\../CANLib/CANPacket.h:13:0,
                 from ..\MotorFirmware\../CANLib/CANLibrary.h:12,
                 from ..\MotorFirmware\main.h:15,
                 from ..\MotorFirmware\PositionPID.c:17:
..\MotorFirmware\../CANLib/CANSerialNumbers.h:66:0: note: this is the location of the previous definition
 #define DEVICE_GROUP_MASTER     0x2
 ^
In file included from ..\MotorFirmware\../CANLib/CANLibrary.h:12:0,
                 from ..\MotorFirmware\main.h:15,
                 from ..\MotorFirmware\PositionPID.c:17:
..\MotorFirmware\../CANLib/CANPacket.h:63:0: warning: "DEVICE_GROUP_POWER" redefined
 #define DEVICE_GROUP_POWER              (uint8_t) 0x03
 ^
In file included from ..\MotorFirmware\../CANLib/CANPacket.h:13:0,
                 from ..\MotorFirmware\../CANLib/CANLibrary.h:12,
                 from ..\MotorFirmware\main.h:15,
                 from ..\MotorFirmware\PositionPID.c:17:
..\MotorFirmware\../CANLib/CANSerialNumbers.h:67:0: note: this is the location of the previous definition
 #define DEVICE_GROUP_POWER      0x3
 ^
arm-none-eabi-gcc.exe -mcpu=cortex-m0 -mthumb -I. -IGenerated_Source\PSoC4 -Wa,-alh=.\CortexM0\ARM_GCC_541\Debug/PortPSOC_CY8C4248AZI_L485.lst -g -D DEBUG -D CY_CORE_ID=0 -D CHIP_TYPE=CHIP_TYPE_PSOC_CY8C4248AZI_L485 -Wall -ffunction-sections -ffat-lto-objects -Og -c ..\CANLib\PortFiles\PortPSOC_CY8C4248AZI_L485.c -o .\CortexM0\ARM_GCC_541\Debug\PortPSOC_CY8C4248AZI_L485.o
In file included from ..\CANLib\PortFiles\../Port.h:18:0,
                 from ..\CANLib\PortFiles\PortPSOC_CY8C4248AZI_L485.c:11:
..\CANLib\PortFiles\../CANPacket.h:59:0: warning: "DEVICE_GROUP_BROADCAST" redefined
 #define DEVICE_GROUP_BROADCAST          (uint8_t) 0x00
 ^
In file included from ..\CANLib\PortFiles\../CANPacket.h:13:0,
                 from ..\CANLib\PortFiles\../Port.h:18,
                 from ..\CANLib\PortFiles\PortPSOC_CY8C4248AZI_L485.c:11:
..\CANLib\PortFiles\../CANSerialNumbers.h:64:0: note: this is the location of the previous definition
 #define DEVICE_GROUP_BROADCAST  0x0
 ^
In file included from ..\CANLib\PortFiles\../Port.h:18:0,
                 from ..\CANLib\PortFiles\PortPSOC_CY8C4248AZI_L485.c:11:
..\CANLib\PortFiles\../CANPacket.h:60:0: warning: "DEVICE_GROUP_RESERVED" redefined
 #define DEVICE_GROUP_RESERVED           (uint8_t) 0x01 // DO NOT USE. For future expansion
 ^
In file included from ..\CANLib\PortFiles\../CANPacket.h:13:0,
                 from ..\CANLib\PortFiles\../Port.h:18,
                 from ..\CANLib\PortFiles\PortPSOC_CY8C4248AZI_L485.c:11:
..\CANLib\PortFiles\../CANSerialNumbers.h:65:0: note: this is the location of the previous definition
 #define DEVICE_GROUP_RESERVED   0x1
 ^
In file included from ..\CANLib\PortFiles\../Port.h:18:0,
                 from ..\CANLib\PortFiles\PortPSOC_CY8C4248AZI_L485.c:11:
..\CANLib\PortFiles\../CANPacket.h:62:0: warning: "DEVICE_GROUP_MASTER" redefined
 #define DEVICE_GROUP_MASTER             DEVICE_GROUP_JETSON
 ^
In file included from ..\CANLib\PortFiles\../CANPacket.h:13:0,
                 from ..\CANLib\PortFiles\../Port.h:18,
                 from ..\CANLib\PortFiles\PortPSOC_CY8C4248AZI_L485.c:11:
..\CANLib\PortFiles\../CANSerialNumbers.h:66:0: note: this is the location of the previous definition
 #define DEVICE_GROUP_MASTER     0x2
 ^
In file included from ..\CANLib\PortFiles\../Port.h:18:0,
                 from ..\CANLib\PortFiles\PortPSOC_CY8C4248AZI_L485.c:11:
..\CANLib\PortFiles\../CANPacket.h:63:0: warning: "DEVICE_GROUP_POWER" redefined
 #define DEVICE_GROUP_POWER              (uint8_t) 0x03
 ^
In file included from ..\CANLib\PortFiles\../CANPacket.h:13:0,
                 from ..\CANLib\PortFiles\../Port.h:18,
                 from ..\CANLib\PortFiles\PortPSOC_CY8C4248AZI_L485.c:11:
..\CANLib\PortFiles\../CANSerialNumbers.h:67:0: note: this is the location of the previous definition
 #define DEVICE_GROUP_POWER      0x3
 ^
In file included from Generated_Source\PSoC4/project.h:49:0,
                 from ..\CANLib\PortFiles\PortPSOC_CY8C4248AZI_L485.c:12:
..\CANLib\PortFiles\PortPSOC_CY8C4248AZI_L485.c: In function 'CAN_FLAG_ISR':
Generated_Source\PSoC4/CAN.h:566:58: warning: 'mailbox' may be used uninitialized in this function [-Wmaybe-uninitialized]
 #define CAN_RX_CMD_REG(i)            (*(reg32 *) (&CAN_RX[i].rxcmd))
                                                          ^
..\CANLib\PortFiles\PortPSOC_CY8C4248AZI_L485.c:172:13: note: 'mailbox' was declared here
     uint8_t mailbox;
             ^
arm-none-eabi-ar.exe -rs .\CortexM0\ARM_GCC_541\Debug\Motor_Board_Rev3.a .\CortexM0\ARM_GCC_541\Debug\Pin_Limit_1.o .\CortexM0\ARM_GCC_541\Debug\Pin_Limit_1_PM.o .\CortexM0\ARM_GCC_541\Debug\Pin_Limit_2.o .\CortexM0\ARM_GCC_541\Debug\Pin_Limit_2_PM.o .\CortexM0\ARM_GCC_541\Debug\PWM_Motor.o .\CortexM0\ARM_GCC_541\Debug\PWM_Motor_PM.o .\CortexM0\ARM_GCC_541\Debug\isr_Limit_1.o .\CortexM0\ARM_GCC_541\Debug\Pin_Motor.o .\CortexM0\ARM_GCC_541\Debug\Pin_Motor_PM.o .\CortexM0\ARM_GCC_541\Debug\Clock_PWM.o .\CortexM0\ARM_GCC_541\Debug\Pin_Pot.o .\CortexM0\ARM_GCC_541\Debug\Pin_Pot_PM.o .\CortexM0\ARM_GCC_541\Debug\Pin_Direction.o .\CortexM0\ARM_GCC_541\Debug\Pin_Direction_PM.o .\CortexM0\ARM_GCC_541\Debug\QuadDec.o .\CortexM0\ARM_GCC_541\Debug\QuadDec_INT.o .\CortexM0\ARM_GCC_541\Debug\QuadDec_PM.o .\CortexM0\ARM_GCC_541\Debug\Pin_Encoder_A.o .\CortexM0\ARM_GCC_541\Debug\Pin_Encoder_A_PM.o .\CortexM0\ARM_GCC_541\Debug\Pin_Encoder_B.o .\CortexM0\ARM_GCC_541\Debug\Pin_Encoder_B_PM.o .\CortexM0\ARM_GCC_541\Debug\Debug_1.o .\CortexM0\ARM_GCC_541\Debug\Debug_1_PM.o .\CortexM0\ARM_GCC_541\Debug\Status_Reg_Switches.o .\CortexM0\ARM_GCC_541\Debug\Clock_2.o .\CortexM0\ARM_GCC_541\Debug\RX_1.o .\CortexM0\ARM_GCC_541\Debug\RX_1_PM.o .\CortexM0\ARM_GCC_541\Debug\TX_1.o .\CortexM0\ARM_GCC_541\Debug\TX_1_PM.o .\CortexM0\ARM_GCC_541\Debug\CAN.o .\CortexM0\ARM_GCC_541\Debug\CAN_INT.o .\CortexM0\ARM_GCC_541\Debug\CAN_PM.o .\CortexM0\ARM_GCC_541\Debug\CAN_TX_RX_func.o .\CortexM0\ARM_GCC_541\Debug\UART.o .\CortexM0\ARM_GCC_541\Debug\UART_SPI_UART.o .\CortexM0\ARM_GCC_541\Debug\UART_SPI_UART_INT.o .\CortexM0\ARM_GCC_541\Debug\UART_PM.o .\CortexM0\ARM_GCC_541\Debug\UART_UART.o .\CortexM0\ARM_GCC_541\Debug\UART_BOOT.o .\CortexM0\ARM_GCC_541\Debug\UART_UART_BOOT.o .\CortexM0\ARM_GCC_541\Debug\Dip_1.o .\CortexM0\ARM_GCC_541\Debug\Dip_1_PM.o .\CortexM0\ARM_GCC_541\Debug\Dip_3.o .\CortexM0\ARM_GCC_541\Debug\Dip_3_PM.o .\CortexM0\ARM_GCC_541\Debug\Dip_2.o .\CortexM0\ARM_GCC_541\Debug\Dip_2_PM.o .\CortexM0\ARM_GCC_541\Debug\Dip_4.o .\CortexM0\ARM_GCC_541\Debug\Dip_4_PM.o .\CortexM0\ARM_GCC_541\Debug\Can_addr.o .\CortexM0\ARM_GCC_541\Debug\timer_clock.o .\CortexM0\ARM_GCC_541\Debug\Timer_PWM.o .\CortexM0\ARM_GCC_541\Debug\Timer_PWM_PM.o .\CortexM0\ARM_GCC_541\Debug\isr_period_PWM.o .\CortexM0\ARM_GCC_541\Debug\CAN_LED.o .\CortexM0\ARM_GCC_541\Debug\CAN_LED_PM.o .\CortexM0\ARM_GCC_541\Debug\ERROR_LED.o .\CortexM0\ARM_GCC_541\Debug\ERROR_LED_PM.o .\CortexM0\ARM_GCC_541\Debug\FAULT_MOTOR.o .\CortexM0\ARM_GCC_541\Debug\FAULT_MOTOR_PM.o .\CortexM0\ARM_GCC_541\Debug\QuadDec_isr.o .\CortexM0\ARM_GCC_541\Debug\QuadDec_Cnt16.o .\CortexM0\ARM_GCC_541\Debug\QuadDec_Cnt16_PM.o .\CortexM0\ARM_GCC_541\Debug\CAN_isr.o .\CortexM0\ARM_GCC_541\Debug\CAN_HFCLK.o .\CortexM0\ARM_GCC_541\Debug\UART_SCBCLK.o .\CortexM0\ARM_GCC_541\Debug\UART_tx.o .\CortexM0\ARM_GCC_541\Debug\UART_tx_PM.o .\CortexM0\ARM_GCC_541\Debug\UART_rx.o .\CortexM0\ARM_GCC_541\Debug\UART_rx_PM.o .\CortexM0\ARM_GCC_541\Debug\CyFlash.o .\CortexM0\ARM_GCC_541\Debug\CyLib.o .\CortexM0\ARM_GCC_541\Debug\cyPm.o .\CortexM0\ARM_GCC_541\Debug\cyutils.o .\CortexM0\ARM_GCC_541\Debug\CyDMA.o .\CortexM0\ARM_GCC_541\Debug\CyLFClk.o .\CortexM0\ARM_GCC_541\Debug\cy_em_eeprom.o .\CortexM0\ARM_GCC_541\Debug\ADC_Pot.o .\CortexM0\ARM_GCC_541\Debug\ADC_Pot_PM.o .\CortexM0\ARM_GCC_541\Debug\ADC_Pot_INT.o .\CortexM0\ARM_GCC_541\Debug\ADC_Pot_IRQ.o .\CortexM0\ARM_GCC_541\Debug\ADC_Pot_intClock.o .\CortexM0\ARM_GCC_541\Debug\CyBootAsmGnu.o
arm-none-eabi-ar.exe: creating .\CortexM0\ARM_GCC_541\Debug\Motor_Board_Rev3.a
arm-none-eabi-gcc.exe -Wl,--start-group -o "C:\Users\casey\Desktop\Robotics Stuff\General_Purpose_Motor_Board_PY2023\MotorUnitRev4\Motor_Board_Rev3.cydsn\CortexM0\ARM_GCC_541\Debug\Motor_Board_Rev3.elf" .\CortexM0\ARM_GCC_541\Debug\main.o .\CortexM0\ARM_GCC_541\Debug\Motor_Unit_CAN.o .\CortexM0\ARM_GCC_541\Debug\Motor_Unit_FSM.o .\CortexM0\ARM_GCC_541\Debug\MotorDrive.o .\CortexM0\ARM_GCC_541\Debug\PositionPID.o .\CortexM0\ARM_GCC_541\Debug\CANCommon.o .\CortexM0\ARM_GCC_541\Debug\CANMotorUnit.o .\CortexM0\ARM_GCC_541\Debug\CANPacket.o .\CortexM0\ARM_GCC_541\Debug\PortPSOC_CY8C4248AZI_L485.o .\CortexM0\ARM_GCC_541\Debug\cyfitter_cfg.o .\CortexM0\ARM_GCC_541\Debug\cymetadata.o .\CortexM0\ARM_GCC_541\Debug\Cm0Start.o .\CortexM0\ARM_GCC_541\Debug\Motor_Board_Rev3.a -mcpu=cortex-m0 -mthumb -l m -L Generated_Source\PSoC4 -Wl,-Map,.\CortexM0\ARM_GCC_541\Debug/Motor_Board_Rev3.map -T Generated_Source\PSoC4\cm0gcc.ld -specs=nano.specs -u _printf_float -Wl,--gc-sections -g -ffunction-sections -Og -ffat-lto-objects -Wl,--end-group
cyelftool.exe -C "C:\Users\casey\Desktop\Robotics Stuff\General_Purpose_Motor_Board_PY2023\MotorUnitRev4\Motor_Board_Rev3.cydsn\CortexM0\ARM_GCC_541\Debug\Motor_Board_Rev3.elf" --flash_row_size 256 --flash_size 262144 --flash_offset 0x00000000
No ELF section .cychecksum found, creating one
Application checksum calculated and stored in ELF section .cychecksum
Checksum calculated and stored in ELF section .cymeta
cyelftool.exe -S "C:\Users\casey\Desktop\Robotics Stuff\General_Purpose_Motor_Board_PY2023\MotorUnitRev4\Motor_Board_Rev3.cydsn\CortexM0\ARM_GCC_541\Debug\Motor_Board_Rev3.elf"
Flash used: 30448 of 262144 bytes (11.6%).
SRAM used: 3168 of 32768 bytes (9.7%). Stack: 2048 bytes. Heap: 128 bytes.
--------------- Build Succeeded: 06/15/2023 13:41:13 ---------------
