--------------- Build Started: 03/11/2023 14:02:55 Project: MotorFirmware, Configuration: ARM GCC 5.4-2016-q2-update Debug ---------------
The code generation step is up to date.
arm-none-eabi-gcc.exe -mcpu=cortex-m0 -mthumb -I./HindsightCAN -I. -IGenerated_Source\PSoC4 -Wa,-alh=.\CortexM0\ARM_GCC_541\Debug/main.lst -g -D DEBUG -Wall -ffunction-sections -ffat-lto-objects -Og -D CHIP_TYPE=CHIP_TYPE_PSOC_CY8C4248AZI_L485 -c main.c -o .\CortexM0\ARM_GCC_541\Debug\main.o
main.c: In function 'Period_Reset_Handler':
main.c:46:9: warning: unused variable 'timer' [-Wunused-variable]
     int timer = Timer_PWM_ReadStatusRegister();
         ^
main.c: In function 'Pin_Limit_Handler':
main.c:92:17: warning: format '%i' expects argument of type 'int', but argument 3 has type 'int32_t {aka long int}' [-Wformat=]
     sprintf(num,"LimitSW enc lim 1: %i \r\n", enc_lim_1);
                 ^
main.c:92:17: warning: format '%i' expects argument of type 'int', but argument 3 has type 'int32_t {aka long int}' [-Wformat=]
main.c:96:18: warning: format '%i' expects argument of type 'int', but argument 3 has type 'int32_t {aka long int}' [-Wformat=]
     sprintf(num2,"LimitSW enc lim 2: %i \r\n", enc_lim_2);
                  ^
main.c:96:18: warning: format '%i' expects argument of type 'int', but argument 3 has type 'int32_t {aka long int}' [-Wformat=]
arm-none-eabi-gcc.exe -mcpu=cortex-m0 -mthumb -I./HindsightCAN -I. -IGenerated_Source\PSoC4 -Wa,-alh=.\CortexM0\ARM_GCC_541\Debug/PID.lst -g -D DEBUG -Wall -ffunction-sections -ffat-lto-objects -Og -D CHIP_TYPE=CHIP_TYPE_PSOC_CY8C4248AZI_L485 -c PID.c -o .\CortexM0\ARM_GCC_541\Debug\PID.o
arm-none-eabi-gcc.exe -mcpu=cortex-m0 -mthumb -I./HindsightCAN -I. -IGenerated_Source\PSoC4 -Wa,-alh=.\CortexM0\ARM_GCC_541\Debug/MotorDrive.lst -g -D DEBUG -Wall -ffunction-sections -ffat-lto-objects -Og -D CHIP_TYPE=CHIP_TYPE_PSOC_CY8C4248AZI_L485 -c MotorDrive.c -o .\CortexM0\ARM_GCC_541\Debug\MotorDrive.o
arm-none-eabi-gcc.exe -mcpu=cortex-m0 -mthumb -I./HindsightCAN -I. -IGenerated_Source\PSoC4 -Wa,-alh=.\CortexM0\ARM_GCC_541\Debug/MotorBoardCAN.lst -g -D DEBUG -Wall -ffunction-sections -ffat-lto-objects -Og -D CHIP_TYPE=CHIP_TYPE_PSOC_CY8C4248AZI_L485 -c MotorBoardCAN.c -o .\CortexM0\ARM_GCC_541\Debug\MotorBoardCAN.o
arm-none-eabi-ar.exe -rs .\CortexM0\ARM_GCC_541\Debug\MotorFirmware.a .\CortexM0\ARM_GCC_541\Debug\Pin_Direction.o .\CortexM0\ARM_GCC_541\Debug\Pin_Direction_PM.o .\CortexM0\ARM_GCC_541\Debug\RX_1.o .\CortexM0\ARM_GCC_541\Debug\RX_1_PM.o .\CortexM0\ARM_GCC_541\Debug\TX_1.o .\CortexM0\ARM_GCC_541\Debug\TX_1_PM.o .\CortexM0\ARM_GCC_541\Debug\CAN.o .\CortexM0\ARM_GCC_541\Debug\CAN_INT.o .\CortexM0\ARM_GCC_541\Debug\CAN_PM.o .\CortexM0\ARM_GCC_541\Debug\CAN_TX_RX_func.o .\CortexM0\ARM_GCC_541\Debug\UART.o .\CortexM0\ARM_GCC_541\Debug\UART_SPI_UART.o .\CortexM0\ARM_GCC_541\Debug\UART_SPI_UART_INT.o .\CortexM0\ARM_GCC_541\Debug\UART_PM.o .\CortexM0\ARM_GCC_541\Debug\UART_UART.o .\CortexM0\ARM_GCC_541\Debug\UART_BOOT.o .\CortexM0\ARM_GCC_541\Debug\UART_UART_BOOT.o .\CortexM0\ARM_GCC_541\Debug\Status_Reg_Switches.o .\CortexM0\ARM_GCC_541\Debug\timer_clock.o .\CortexM0\ARM_GCC_541\Debug\Timer_PWM.o .\CortexM0\ARM_GCC_541\Debug\Timer_PWM_PM.o .\CortexM0\ARM_GCC_541\Debug\PWM_Motor.o .\CortexM0\ARM_GCC_541\Debug\PWM_Motor_PM.o .\CortexM0\ARM_GCC_541\Debug\Clock_PWM.o .\CortexM0\ARM_GCC_541\Debug\FAULT_MOTOR.o .\CortexM0\ARM_GCC_541\Debug\FAULT_MOTOR_PM.o .\CortexM0\ARM_GCC_541\Debug\ERROR_LED.o .\CortexM0\ARM_GCC_541\Debug\ERROR_LED_PM.o .\CortexM0\ARM_GCC_541\Debug\CAN_LED.o .\CortexM0\ARM_GCC_541\Debug\CAN_LED_PM.o .\CortexM0\ARM_GCC_541\Debug\DEBUG_LED_1.o .\CortexM0\ARM_GCC_541\Debug\DEBUG_LED_1_PM.o .\CortexM0\ARM_GCC_541\Debug\QuadDec.o .\CortexM0\ARM_GCC_541\Debug\QuadDec_INT.o .\CortexM0\ARM_GCC_541\Debug\QuadDec_PM.o .\CortexM0\ARM_GCC_541\Debug\ADC_SAR_Seq_1.o .\CortexM0\ARM_GCC_541\Debug\ADC_SAR_Seq_1_PM.o .\CortexM0\ARM_GCC_541\Debug\ADC_SAR_Seq_1_INT.o .\CortexM0\ARM_GCC_541\Debug\Can_addr.o .\CortexM0\ARM_GCC_541\Debug\Clock_2.o .\CortexM0\ARM_GCC_541\Debug\Pin_Motor.o .\CortexM0\ARM_GCC_541\Debug\Pin_Motor_PM.o .\CortexM0\ARM_GCC_541\Debug\Pin_Limit_2.o .\CortexM0\ARM_GCC_541\Debug\Pin_Limit_2_PM.o .\CortexM0\ARM_GCC_541\Debug\Pin_Limit_1.o .\CortexM0\ARM_GCC_541\Debug\Pin_Limit_1_PM.o .\CortexM0\ARM_GCC_541\Debug\isr_Limit_1.o .\CortexM0\ARM_GCC_541\Debug\Pin_Pot.o .\CortexM0\ARM_GCC_541\Debug\Pin_Pot_PM.o .\CortexM0\ARM_GCC_541\Debug\Dip_1.o .\CortexM0\ARM_GCC_541\Debug\Dip_1_PM.o .\CortexM0\ARM_GCC_541\Debug\Dip_2.o .\CortexM0\ARM_GCC_541\Debug\Dip_2_PM.o .\CortexM0\ARM_GCC_541\Debug\Dip_3.o .\CortexM0\ARM_GCC_541\Debug\Dip_3_PM.o .\CortexM0\ARM_GCC_541\Debug\Dip_4.o .\CortexM0\ARM_GCC_541\Debug\Dip_4_PM.o .\CortexM0\ARM_GCC_541\Debug\isr_period_PWM.o .\CortexM0\ARM_GCC_541\Debug\Pin_Encoder_A.o .\CortexM0\ARM_GCC_541\Debug\Pin_Encoder_A_PM.o .\CortexM0\ARM_GCC_541\Debug\Pin_Encoder_B.o .\CortexM0\ARM_GCC_541\Debug\Pin_Encoder_B_PM.o .\CortexM0\ARM_GCC_541\Debug\Pin_Encoder_Z.o .\CortexM0\ARM_GCC_541\Debug\Pin_Encoder_Z_PM.o .\CortexM0\ARM_GCC_541\Debug\StripLights.o .\CortexM0\ARM_GCC_541\Debug\StripLights_fonts.o .\CortexM0\ARM_GCC_541\Debug\Array_LED.o .\CortexM0\ARM_GCC_541\Debug\Array_LED_PM.o .\CortexM0\ARM_GCC_541\Debug\CAN_isr.o .\CortexM0\ARM_GCC_541\Debug\CAN_HFCLK.o .\CortexM0\ARM_GCC_541\Debug\UART_SCBCLK.o .\CortexM0\ARM_GCC_541\Debug\UART_tx.o .\CortexM0\ARM_GCC_541\Debug\UART_tx_PM.o .\CortexM0\ARM_GCC_541\Debug\UART_rx.o .\CortexM0\ARM_GCC_541\Debug\UART_rx_PM.o .\CortexM0\ARM_GCC_541\Debug\QuadDec_isr.o .\CortexM0\ARM_GCC_541\Debug\QuadDec_Cnt16.o .\CortexM0\ARM_GCC_541\Debug\QuadDec_Cnt16_PM.o .\CortexM0\ARM_GCC_541\Debug\ADC_SAR_Seq_1_IRQ.o .\CortexM0\ARM_GCC_541\Debug\ADC_SAR_Seq_1_intClock.o .\CortexM0\ARM_GCC_541\Debug\StripLights_StringSel.o .\CortexM0\ARM_GCC_541\Debug\StripLights_StringSel_PM.o .\CortexM0\ARM_GCC_541\Debug\StripLights_cisr.o .\CortexM0\ARM_GCC_541\Debug\StripLights_fisr.o .\CortexM0\ARM_GCC_541\Debug\CyFlash.o .\CortexM0\ARM_GCC_541\Debug\CyLib.o .\CortexM0\ARM_GCC_541\Debug\cyPm.o .\CortexM0\ARM_GCC_541\Debug\cyutils.o .\CortexM0\ARM_GCC_541\Debug\CyDMA.o .\CortexM0\ARM_GCC_541\Debug\CyLFClk.o .\CortexM0\ARM_GCC_541\Debug\cy_em_eeprom.o .\CortexM0\ARM_GCC_541\Debug\DEBUG_LED_2.o .\CortexM0\ARM_GCC_541\Debug\DEBUG_LED_2_PM.o .\CortexM0\ARM_GCC_541\Debug\CyBootAsmGnu.o
arm-none-eabi-ar.exe: creating .\CortexM0\ARM_GCC_541\Debug\MotorFirmware.a
arm-none-eabi-gcc.exe -Wl,--start-group -o "C:\Users\davis\Documents\PSoC Creator\General_Purpose_Motor_Board_PY2023\RetroPortTo2019-2020Boards\MotorFirmware.cydsn\CortexM0\ARM_GCC_541\Debug\MotorFirmware.elf" .\CortexM0\ARM_GCC_541\Debug\main.o .\CortexM0\ARM_GCC_541\Debug\PID.o .\CortexM0\ARM_GCC_541\Debug\CANCommon.o .\CortexM0\ARM_GCC_541\Debug\CANGPIO.o .\CortexM0\ARM_GCC_541\Debug\CANLocalization.o .\CortexM0\ARM_GCC_541\Debug\CANMotorUnit.o .\CortexM0\ARM_GCC_541\Debug\CANPacket.o .\CortexM0\ARM_GCC_541\Debug\CANPower.o .\CortexM0\ARM_GCC_541\Debug\CANScience.o .\CortexM0\ARM_GCC_541\Debug\MotorDrive.o .\CortexM0\ARM_GCC_541\Debug\MotorBoardCAN.o .\CortexM0\ARM_GCC_541\Debug\MotorBoardFSM.o .\CortexM0\ARM_GCC_541\Debug\PortPSOC_CY8C4248AZI_L485.o .\CortexM0\ARM_GCC_541\Debug\LED_Array.o .\CortexM0\ARM_GCC_541\Debug\cyfitter_cfg.o .\CortexM0\ARM_GCC_541\Debug\cymetadata.o .\CortexM0\ARM_GCC_541\Debug\Cm0Start.o .\CortexM0\ARM_GCC_541\Debug\MotorFirmware.a -mcpu=cortex-m0 -mthumb -l "\"m\"" -L Generated_Source\PSoC4 -Wl,-Map,.\CortexM0\ARM_GCC_541\Debug/MotorFirmware.map -T Generated_Source\PSoC4\cm0gcc.ld -specs=nano.specs -Wl,--gc-sections -g -ffunction-sections -Og -ffat-lto-objects -Wl,--end-group
cyelftool.exe -C "C:\Users\davis\Documents\PSoC Creator\General_Purpose_Motor_Board_PY2023\RetroPortTo2019-2020Boards\MotorFirmware.cydsn\CortexM0\ARM_GCC_541\Debug\MotorFirmware.elf" --flash_row_size 256 --flash_size 131072 --flash_offset 0x00000000
No ELF section .cychecksum found, creating one
Application checksum calculated and stored in ELF section .cychecksum
Checksum calculated and stored in ELF section .cymeta
cyelftool.exe -S "C:\Users\davis\Documents\PSoC Creator\General_Purpose_Motor_Board_PY2023\RetroPortTo2019-2020Boards\MotorFirmware.cydsn\CortexM0\ARM_GCC_541\Debug\MotorFirmware.elf"
Flash used: 22278 of 131072 bytes (17.0%).
SRAM used: 3136 of 16384 bytes (19.1%). Stack: 2048 bytes. Heap: 128 bytes.
--------------- Build Succeeded: 03/11/2023 14:02:57 ---------------
