--------------- Rebuild Started: 12/24/2022 18:33:30 Project: GeneralPurposeMotorBoard, Configuration: ARM GCC 5.4-2016-q2-update Debug ---------------
Deleting file ".\CortexM0\ARM_GCC_541\Debug\main.o"
Deleting file ".\CortexM0\ARM_GCC_541\Debug\PID.o"
Deleting file ".\CortexM0\ARM_GCC_541\Debug\CANCommon.o"
Deleting file ".\CortexM0\ARM_GCC_541\Debug\CANGPIO.o"
Deleting file ".\CortexM0\ARM_GCC_541\Debug\CANLocalization.o"
Deleting file ".\CortexM0\ARM_GCC_541\Debug\CANMotorUnit.o"
Deleting file ".\CortexM0\ARM_GCC_541\Debug\CANPacket.o"
Deleting file ".\CortexM0\ARM_GCC_541\Debug\CANPower.o"
Deleting file ".\CortexM0\ARM_GCC_541\Debug\CANScience.o"
Deleting file ".\CortexM0\ARM_GCC_541\Debug\MotorDrive.o"
Deleting file ".\GeneralPurposeMotorBoard.cycdx"
Deleting file ".\GeneralPurposeMotorBoard.svd"
Deleting file ".\GeneralPurposeMotorBoard.rpt"
Deleting file ".\GeneralPurposeMotorBoard_timing.html"
cydsfit.exe -.appdatapath "C:\Users\vboxuser\AppData\Local\Cypress Semiconductor\PSoC Creator\4.4" -.fdsnotice -.fdswarpdepfile=warp_dependencies.txt -.fdselabdepfile=elab_dependencies.txt -.fdsbldfile=generated_files.txt -.fdsreffile=referenced_files.txt -p C:\Users\vboxuser\HuskyRobotics\General_Purpose_Motor_Board_PY2023\GeneralPurposeMotorBoard\GeneralPurposeMotorBoard.cydsn\GeneralPurposeMotorBoard.cyprj -d CY8C4248BZI-L489 -s C:\Users\vboxuser\HuskyRobotics\General_Purpose_Motor_Board_PY2023\GeneralPurposeMotorBoard\GeneralPurposeMotorBoard.cydsn\Generated_Source\PSoC4 -- -yv2 -q10 -ygs -o2 -v3 -.fftcfgtype=LE
Elaborating Design...
ADD: sdb.M0060: warning: Warning in component: CAN_1. The SYSCLK clock accuracy should be 1.58% or better. Please, enable WCO PLL in the Design-Wide Resource (*.cydwr) editor or use an external clock to meet the CAN accurate clocking requirements.
 * C:\Users\vboxuser\HuskyRobotics\General_Purpose_Motor_Board_PY2023\GeneralPurposeMotorBoard\GeneralPurposeMotorBoard.cydsn\TopDesign\TopDesign.cysch (Instance:CAN_1)
HDL Generation...
Synthesis...
Tech Mapping...
ADD: pft.M0040: information: The following 27 pin(s) will be assigned a location by the fitter: \CapSense:Cmod(0)\, \CapSense:Sns(0)\, \CapSense:Sns(1)\, \UART_1:rx(0)\, \UART_1:tx(0)\, ADC_0(0), ADC_1M(0), ADC_1P(0), ADC_2(0), ADC_3(0), CompM_0(0), CompM_1(0), CompP_0(0), CompP_1(0), IDAC_7bit_In(0), IDAC_8bit_Out(0), Input_Pin_0(0), Input_Pin_1(0), Output_Pin_0(0), Output_Pin_1(0), PWM_0_Out(0), PWM_1_Out(0), PWM_2_Out(0), RX_1(0), Timer_Pin(0), TX_1(0), Wakeup_Pin(0)
ADD: mpr.M0037: information: Unused pieces of the design have been optimized out. See the Tech mapping section of the report file for details.
 * C:\Users\vboxuser\HuskyRobotics\General_Purpose_Motor_Board_PY2023\GeneralPurposeMotorBoard\GeneralPurposeMotorBoard.cydsn\codegentemp\GeneralPurposeMotorBoard.rpt (Tech mapping)
Analog Placement...
Analog Routing...
Analog Code Generation...
Digital Placement...
Digital Routing...
Bitstream Generation...
Bitstream Verification...
Static timing analysis...
API Generation...
Dependency Generation...
Cleanup...
arm-none-eabi-gcc.exe -mcpu=cortex-m0 -mthumb -I./HindsightCAN -I. -IGenerated_Source\PSoC4 -Wa,-alh=.\CortexM0\ARM_GCC_541\Debug/main.lst -g -D DEBUG -Wall -ffunction-sections -ffat-lto-objects -Og -c main.c -o .\CortexM0\ARM_GCC_541\Debug\main.o
main.c: In function 'Period_Reset_Handler':
main.c:38:17: warning: implicit declaration of function 'Timer_PWM_ReadStatusRegister' [-Wimplicit-function-declaration]
     int timer = Timer_PWM_ReadStatusRegister();
                 ^
main.c:38:9: warning: unused variable 'timer' [-Wunused-variable]
     int timer = Timer_PWM_ReadStatusRegister();
         ^
main.c: In function 'Pin_Limit_Handler':
main.c:75:43: warning: implicit declaration of function 'Status_Reg_Switches_Read' [-Wimplicit-function-declaration]
     set_PWM(GetCurrentPWM(), ignoreLimSw, Status_Reg_Switches_Read());
                                           ^
main.c: In function 'Initialize':
main.c:148:5: warning: implicit declaration of function 'Status_Reg_Switches_InterruptEnable' [-Wimplicit-function-declaration]
     Status_Reg_Switches_InterruptEnable();
     ^
main.c:150:15: warning: implicit declaration of function 'Can_addr_Read' [-Wimplicit-function-declaration]
     address = Can_addr_Read();
               ^
main.c:172:5: warning: implicit declaration of function 'Timer_PWM_Start' [-Wimplicit-function-declaration]
     Timer_PWM_Start();
     ^
main.c:173:5: warning: implicit declaration of function 'QuadDec_Start' [-Wimplicit-function-declaration]
     QuadDec_Start();
     ^
main.c:174:5: warning: implicit declaration of function 'PWM_Motor_Start' [-Wimplicit-function-declaration]
     PWM_Motor_Start();  
     ^
main.c:176:5: warning: implicit declaration of function 'isr_Limit_1_StartEx' [-Wimplicit-function-declaration]
     isr_Limit_1_StartEx(Pin_Limit_Handler);
     ^
main.c:177:5: warning: implicit declaration of function 'isr_period_PWM_StartEx' [-Wimplicit-function-declaration]
     isr_period_PWM_StartEx(Period_Reset_Handler);
     ^
main.c: In function 'PrintCanPacket':
main.c:183:9: warning: implicit declaration of function 'UART_UartPutString' [-Wimplicit-function-declaration]
         UART_UartPutString(txData);
         ^
main.c: In function 'DisplayErrorCode':
main.c:216:5: warning: implicit declaration of function 'ERROR_LED_Write' [-Wimplicit-function-declaration]
     ERROR_LED_Write(LED_ON);
     ^
arm-none-eabi-gcc.exe -mcpu=cortex-m0 -mthumb -I./HindsightCAN -I. -IGenerated_Source\PSoC4 -Wa,-alh=.\CortexM0\ARM_GCC_541\Debug/PID.lst -g -D DEBUG -Wall -ffunction-sections -ffat-lto-objects -Og -c PID.c -o .\CortexM0\ARM_GCC_541\Debug\PID.o
PID.c: In function 'GetEncoderValWithFlip':
PID.c:91:26: warning: implicit declaration of function 'QuadDec_GetCounter' [-Wimplicit-function-declaration]
     return flipEncoder * QuadDec_GetCounter();
                          ^
PID.c: In function 'SetPosition':
PID.c:115:50: warning: implicit declaration of function 'Status_Reg_Switches_Read' [-Wimplicit-function-declaration]
             set_PWM(GetMaxPIDPWM(), ignoreLimSw, Status_Reg_Switches_Read());   
                                                  ^
arm-none-eabi-gcc.exe -mcpu=cortex-m0 -mthumb -I./HindsightCAN -I. -IGenerated_Source\PSoC4 -Wa,-alh=.\CortexM0\ARM_GCC_541\Debug/CANCommon.lst -g -D DEBUG -Wall -ffunction-sections -ffat-lto-objects -Og -c ..\HindsightCAN\CANCommon.c -o .\CortexM0\ARM_GCC_541\Debug\CANCommon.o
arm-none-eabi-gcc.exe -mcpu=cortex-m0 -mthumb -I./HindsightCAN -I. -IGenerated_Source\PSoC4 -Wa,-alh=.\CortexM0\ARM_GCC_541\Debug/CANGPIO.lst -g -D DEBUG -Wall -ffunction-sections -ffat-lto-objects -Og -c ..\HindsightCAN\CANGPIO.c -o .\CortexM0\ARM_GCC_541\Debug\CANGPIO.o
arm-none-eabi-gcc.exe -mcpu=cortex-m0 -mthumb -I./HindsightCAN -I. -IGenerated_Source\PSoC4 -Wa,-alh=.\CortexM0\ARM_GCC_541\Debug/CANLocalization.lst -g -D DEBUG -Wall -ffunction-sections -ffat-lto-objects -Og -c ..\HindsightCAN\CANLocalization.c -o .\CortexM0\ARM_GCC_541\Debug\CANLocalization.o
arm-none-eabi-gcc.exe -mcpu=cortex-m0 -mthumb -I./HindsightCAN -I. -IGenerated_Source\PSoC4 -Wa,-alh=.\CortexM0\ARM_GCC_541\Debug/CANMotorUnit.lst -g -D DEBUG -Wall -ffunction-sections -ffat-lto-objects -Og -c ..\HindsightCAN\CANMotorUnit.c -o .\CortexM0\ARM_GCC_541\Debug\CANMotorUnit.o
arm-none-eabi-gcc.exe -mcpu=cortex-m0 -mthumb -I./HindsightCAN -I. -IGenerated_Source\PSoC4 -Wa,-alh=.\CortexM0\ARM_GCC_541\Debug/CANPacket.lst -g -D DEBUG -Wall -ffunction-sections -ffat-lto-objects -Og -c ..\HindsightCAN\CANPacket.c -o .\CortexM0\ARM_GCC_541\Debug\CANPacket.o
arm-none-eabi-gcc.exe -mcpu=cortex-m0 -mthumb -I./HindsightCAN -I. -IGenerated_Source\PSoC4 -Wa,-alh=.\CortexM0\ARM_GCC_541\Debug/CANPower.lst -g -D DEBUG -Wall -ffunction-sections -ffat-lto-objects -Og -c ..\HindsightCAN\CANPower.c -o .\CortexM0\ARM_GCC_541\Debug\CANPower.o
arm-none-eabi-gcc.exe -mcpu=cortex-m0 -mthumb -I./HindsightCAN -I. -IGenerated_Source\PSoC4 -Wa,-alh=.\CortexM0\ARM_GCC_541\Debug/CANScience.lst -g -D DEBUG -Wall -ffunction-sections -ffat-lto-objects -Og -c ..\HindsightCAN\CANScience.c -o .\CortexM0\ARM_GCC_541\Debug\CANScience.o
arm-none-eabi-gcc.exe -mcpu=cortex-m0 -mthumb -I./HindsightCAN -I. -IGenerated_Source\PSoC4 -Wa,-alh=.\CortexM0\ARM_GCC_541\Debug/MotorDrive.lst -g -D DEBUG -Wall -ffunction-sections -ffat-lto-objects -Og -c MotorDrive.c -o .\CortexM0\ARM_GCC_541\Debug\MotorDrive.o
MotorDrive.c: In function 'set_PWM':
MotorDrive.c:20:9: warning: implicit declaration of function 'Pin_Direction_Write' [-Wimplicit-function-declaration]
         Pin_Direction_Write(0);
         ^
MotorDrive.c:22:9: warning: implicit declaration of function 'PWM_Motor_WriteCompare' [-Wimplicit-function-declaration]
         PWM_Motor_WriteCompare(-compare);
         ^
arm-none-eabi-gcc.exe -mcpu=cortex-m0 -mthumb -I./HindsightCAN -I. -IGenerated_Source\PSoC4 -Wa,-alh=.\CortexM0\ARM_GCC_541\Debug/MotorBoardCAN.lst -g -D DEBUG -Wall -ffunction-sections -ffat-lto-objects -Og -c MotorBoardCAN.c -o .\CortexM0\ARM_GCC_541\Debug\MotorBoardCAN.o
MotorBoardCAN.c: In function 'NextStateFromCAN':
MotorBoardCAN.c:106:17: warning: implicit declaration of function 'QuadDec_SetCounter' [-Wimplicit-function-declaration]
                 QuadDec_SetCounter(0);                        
                 ^
arm-none-eabi-gcc.exe -mcpu=cortex-m0 -mthumb -I./HindsightCAN -I. -IGenerated_Source\PSoC4 -Wa,-alh=.\CortexM0\ARM_GCC_541\Debug/MotorBoardFSM.lst -g -D DEBUG -Wall -ffunction-sections -ffat-lto-objects -Og -c MotorBoardFSM.c -o .\CortexM0\ARM_GCC_541\Debug\MotorBoardFSM.o
arm-none-eabi-gcc.exe -mcpu=cortex-m0 -mthumb -I./HindsightCAN -I. -IGenerated_Source\PSoC4 -Wa,-alh=.\CortexM0\ARM_GCC_541\Debug/cyfitter_cfg.lst -g -D DEBUG -Wall -ffunction-sections -ffat-lto-objects -Og -c Generated_Source\PSoC4\cyfitter_cfg.c -o .\CortexM0\ARM_GCC_541\Debug\cyfitter_cfg.o
arm-none-eabi-gcc.exe -mcpu=cortex-m0 -mthumb -I./HindsightCAN -I. -IGenerated_Source\PSoC4 -Wa,-alh=.\CortexM0\ARM_GCC_541\Debug/cymetadata.lst -g -D DEBUG -Wall -ffunction-sections -ffat-lto-objects -Og -c Generated_Source\PSoC4\cymetadata.c -o .\CortexM0\ARM_GCC_541\Debug\cymetadata.o
arm-none-eabi-gcc.exe -mcpu=cortex-m0 -mthumb -I./HindsightCAN -I. -IGenerated_Source\PSoC4 -Wa,-alh=.\CortexM0\ARM_GCC_541\Debug/Output_Pin_0.lst -g -D DEBUG -Wall -ffunction-sections -ffat-lto-objects -Og -c Generated_Source\PSoC4\Output_Pin_0.c -o .\CortexM0\ARM_GCC_541\Debug\Output_Pin_0.o
arm-none-eabi-gcc.exe -mcpu=cortex-m0 -mthumb -I./HindsightCAN -I. -IGenerated_Source\PSoC4 -Wa,-alh=.\CortexM0\ARM_GCC_541\Debug/Output_Pin_0_PM.lst -g -D DEBUG -Wall -ffunction-sections -ffat-lto-objects -Og -c Generated_Source\PSoC4\Output_Pin_0_PM.c -o .\CortexM0\ARM_GCC_541\Debug\Output_Pin_0_PM.o
arm-none-eabi-gcc.exe -mcpu=cortex-m0 -mthumb -I./HindsightCAN -I. -IGenerated_Source\PSoC4 -Wa,-alh=.\CortexM0\ARM_GCC_541\Debug/Output_Pin_1.lst -g -D DEBUG -Wall -ffunction-sections -ffat-lto-objects -Og -c Generated_Source\PSoC4\Output_Pin_1.c -o .\CortexM0\ARM_GCC_541\Debug\Output_Pin_1.o
arm-none-eabi-gcc.exe -mcpu=cortex-m0 -mthumb -I./HindsightCAN -I. -IGenerated_Source\PSoC4 -Wa,-alh=.\CortexM0\ARM_GCC_541\Debug/Output_Pin_1_PM.lst -g -D DEBUG -Wall -ffunction-sections -ffat-lto-objects -Og -c Generated_Source\PSoC4\Output_Pin_1_PM.c -o .\CortexM0\ARM_GCC_541\Debug\Output_Pin_1_PM.o
arm-none-eabi-gcc.exe -mcpu=cortex-m0 -mthumb -I./HindsightCAN -I. -IGenerated_Source\PSoC4 -Wa,-alh=.\CortexM0\ARM_GCC_541\Debug/Input_Pin_0.lst -g -D DEBUG -Wall -ffunction-sections -ffat-lto-objects -Og -c Generated_Source\PSoC4\Input_Pin_0.c -o .\CortexM0\ARM_GCC_541\Debug\Input_Pin_0.o
arm-none-eabi-gcc.exe -mcpu=cortex-m0 -mthumb -I./HindsightCAN -I. -IGenerated_Source\PSoC4 -Wa,-alh=.\CortexM0\ARM_GCC_541\Debug/Input_Pin_0_PM.lst -g -D DEBUG -Wall -ffunction-sections -ffat-lto-objects -Og -c Generated_Source\PSoC4\Input_Pin_0_PM.c -o .\CortexM0\ARM_GCC_541\Debug\Input_Pin_0_PM.o
arm-none-eabi-gcc.exe -mcpu=cortex-m0 -mthumb -I./HindsightCAN -I. -IGenerated_Source\PSoC4 -Wa,-alh=.\CortexM0\ARM_GCC_541\Debug/Input_Pin_1.lst -g -D DEBUG -Wall -ffunction-sections -ffat-lto-objects -Og -c Generated_Source\PSoC4\Input_Pin_1.c -o .\CortexM0\ARM_GCC_541\Debug\Input_Pin_1.o
arm-none-eabi-gcc.exe -mcpu=cortex-m0 -mthumb -I./HindsightCAN -I. -IGenerated_Source\PSoC4 -Wa,-alh=.\CortexM0\ARM_GCC_541\Debug/Input_Pin_1_PM.lst -g -D DEBUG -Wall -ffunction-sections -ffat-lto-objects -Og -c Generated_Source\PSoC4\Input_Pin_1_PM.c -o .\CortexM0\ARM_GCC_541\Debug\Input_Pin_1_PM.o
arm-none-eabi-gcc.exe -mcpu=cortex-m0 -mthumb -I./HindsightCAN -I. -IGenerated_Source\PSoC4 -Wa,-alh=.\CortexM0\ARM_GCC_541\Debug/Input_0_Int.lst -g -D DEBUG -Wall -ffunction-sections -ffat-lto-objects -Og -c Generated_Source\PSoC4\Input_0_Int.c -o .\CortexM0\ARM_GCC_541\Debug\Input_0_Int.o
arm-none-eabi-gcc.exe -mcpu=cortex-m0 -mthumb -I./HindsightCAN -I. -IGenerated_Source\PSoC4 -Wa,-alh=.\CortexM0\ARM_GCC_541\Debug/Input_1_Int.lst -g -D DEBUG -Wall -ffunction-sections -ffat-lto-objects -Og -c Generated_Source\PSoC4\Input_1_Int.c -o .\CortexM0\ARM_GCC_541\Debug\Input_1_Int.o
arm-none-eabi-gcc.exe -mcpu=cortex-m0 -mthumb -I./HindsightCAN -I. -IGenerated_Source\PSoC4 -Wa,-alh=.\CortexM0\ARM_GCC_541\Debug/Comp_0.lst -g -D DEBUG -Wall -ffunction-sections -ffat-lto-objects -Og -c Generated_Source\PSoC4\Comp_0.c -o .\CortexM0\ARM_GCC_541\Debug\Comp_0.o
arm-none-eabi-gcc.exe -mcpu=cortex-m0 -mthumb -I./HindsightCAN -I. -IGenerated_Source\PSoC4 -Wa,-alh=.\CortexM0\ARM_GCC_541\Debug/Comp_0_PM.lst -g -D DEBUG -Wall -ffunction-sections -ffat-lto-objects -Og -c Generated_Source\PSoC4\Comp_0_PM.c -o .\CortexM0\ARM_GCC_541\Debug\Comp_0_PM.o
arm-none-eabi-gcc.exe -mcpu=cortex-m0 -mthumb -I./HindsightCAN -I. -IGenerated_Source\PSoC4 -Wa,-alh=.\CortexM0\ARM_GCC_541\Debug/CompP_0.lst -g -D DEBUG -Wall -ffunction-sections -ffat-lto-objects -Og -c Generated_Source\PSoC4\CompP_0.c -o .\CortexM0\ARM_GCC_541\Debug\CompP_0.o
arm-none-eabi-gcc.exe -mcpu=cortex-m0 -mthumb -I./HindsightCAN -I. -IGenerated_Source\PSoC4 -Wa,-alh=.\CortexM0\ARM_GCC_541\Debug/CompP_0_PM.lst -g -D DEBUG -Wall -ffunction-sections -ffat-lto-objects -Og -c Generated_Source\PSoC4\CompP_0_PM.c -o .\CortexM0\ARM_GCC_541\Debug\CompP_0_PM.o
arm-none-eabi-gcc.exe -mcpu=cortex-m0 -mthumb -I./HindsightCAN -I. -IGenerated_Source\PSoC4 -Wa,-alh=.\CortexM0\ARM_GCC_541\Debug/CompM_0.lst -g -D DEBUG -Wall -ffunction-sections -ffat-lto-objects -Og -c Generated_Source\PSoC4\CompM_0.c -o .\CortexM0\ARM_GCC_541\Debug\CompM_0.o
arm-none-eabi-gcc.exe -mcpu=cortex-m0 -mthumb -I./HindsightCAN -I. -IGenerated_Source\PSoC4 -Wa,-alh=.\CortexM0\ARM_GCC_541\Debug/CompM_0_PM.lst -g -D DEBUG -Wall -ffunction-sections -ffat-lto-objects -Og -c Generated_Source\PSoC4\CompM_0_PM.c -o .\CortexM0\ARM_GCC_541\Debug\CompM_0_PM.o
arm-none-eabi-gcc.exe -mcpu=cortex-m0 -mthumb -I./HindsightCAN -I. -IGenerated_Source\PSoC4 -Wa,-alh=.\CortexM0\ARM_GCC_541\Debug/Comp_1.lst -g -D DEBUG -Wall -ffunction-sections -ffat-lto-objects -Og -c Generated_Source\PSoC4\Comp_1.c -o .\CortexM0\ARM_GCC_541\Debug\Comp_1.o
arm-none-eabi-gcc.exe -mcpu=cortex-m0 -mthumb -I./HindsightCAN -I. -IGenerated_Source\PSoC4 -Wa,-alh=.\CortexM0\ARM_GCC_541\Debug/Comp_1_PM.lst -g -D DEBUG -Wall -ffunction-sections -ffat-lto-objects -Og -c Generated_Source\PSoC4\Comp_1_PM.c -o .\CortexM0\ARM_GCC_541\Debug\Comp_1_PM.o
arm-none-eabi-gcc.exe -mcpu=cortex-m0 -mthumb -I./HindsightCAN -I. -IGenerated_Source\PSoC4 -Wa,-alh=.\CortexM0\ARM_GCC_541\Debug/CompP_1.lst -g -D DEBUG -Wall -ffunction-sections -ffat-lto-objects -Og -c Generated_Source\PSoC4\CompP_1.c -o .\CortexM0\ARM_GCC_541\Debug\CompP_1.o
arm-none-eabi-gcc.exe -mcpu=cortex-m0 -mthumb -I./HindsightCAN -I. -IGenerated_Source\PSoC4 -Wa,-alh=.\CortexM0\ARM_GCC_541\Debug/CompP_1_PM.lst -g -D DEBUG -Wall -ffunction-sections -ffat-lto-objects -Og -c Generated_Source\PSoC4\CompP_1_PM.c -o .\CortexM0\ARM_GCC_541\Debug\CompP_1_PM.o
arm-none-eabi-gcc.exe -mcpu=cortex-m0 -mthumb -I./HindsightCAN -I. -IGenerated_Source\PSoC4 -Wa,-alh=.\CortexM0\ARM_GCC_541\Debug/CompM_1.lst -g -D DEBUG -Wall -ffunction-sections -ffat-lto-objects -Og -c Generated_Source\PSoC4\CompM_1.c -o .\CortexM0\ARM_GCC_541\Debug\CompM_1.o
arm-none-eabi-gcc.exe -mcpu=cortex-m0 -mthumb -I./HindsightCAN -I. -IGenerated_Source\PSoC4 -Wa,-alh=.\CortexM0\ARM_GCC_541\Debug/CompM_1_PM.lst -g -D DEBUG -Wall -ffunction-sections -ffat-lto-objects -Og -c Generated_Source\PSoC4\CompM_1_PM.c -o .\CortexM0\ARM_GCC_541\Debug\CompM_1_PM.o
arm-none-eabi-gcc.exe -mcpu=cortex-m0 -mthumb -I./HindsightCAN -I. -IGenerated_Source\PSoC4 -Wa,-alh=.\CortexM0\ARM_GCC_541\Debug/LPComp_Int.lst -g -D DEBUG -Wall -ffunction-sections -ffat-lto-objects -Og -c Generated_Source\PSoC4\LPComp_Int.c -o .\CortexM0\ARM_GCC_541\Debug\LPComp_Int.o
arm-none-eabi-gcc.exe -mcpu=cortex-m0 -mthumb -I./HindsightCAN -I. -IGenerated_Source\PSoC4 -Wa,-alh=.\CortexM0\ARM_GCC_541\Debug/Wakeup_Pin.lst -g -D DEBUG -Wall -ffunction-sections -ffat-lto-objects -Og -c Generated_Source\PSoC4\Wakeup_Pin.c -o .\CortexM0\ARM_GCC_541\Debug\Wakeup_Pin.o
arm-none-eabi-gcc.exe -mcpu=cortex-m0 -mthumb -I./HindsightCAN -I. -IGenerated_Source\PSoC4 -Wa,-alh=.\CortexM0\ARM_GCC_541\Debug/Wakeup_Pin_PM.lst -g -D DEBUG -Wall -ffunction-sections -ffat-lto-objects -Og -c Generated_Source\PSoC4\Wakeup_Pin_PM.c -o .\CortexM0\ARM_GCC_541\Debug\Wakeup_Pin_PM.o
arm-none-eabi-gcc.exe -mcpu=cortex-m0 -mthumb -I./HindsightCAN -I. -IGenerated_Source\PSoC4 -Wa,-alh=.\CortexM0\ARM_GCC_541\Debug/Wakeup_Pin_Int.lst -g -D DEBUG -Wall -ffunction-sections -ffat-lto-objects -Og -c Generated_Source\PSoC4\Wakeup_Pin_Int.c -o .\CortexM0\ARM_GCC_541\Debug\Wakeup_Pin_Int.o
arm-none-eabi-gcc.exe -mcpu=cortex-m0 -mthumb -I./HindsightCAN -I. -IGenerated_Source\PSoC4 -Wa,-alh=.\CortexM0\ARM_GCC_541\Debug/Timer_Int.lst -g -D DEBUG -Wall -ffunction-sections -ffat-lto-objects -Og -c Generated_Source\PSoC4\Timer_Int.c -o .\CortexM0\ARM_GCC_541\Debug\Timer_Int.o
arm-none-eabi-gcc.exe -mcpu=cortex-m0 -mthumb -I./HindsightCAN -I. -IGenerated_Source\PSoC4 -Wa,-alh=.\CortexM0\ARM_GCC_541\Debug/Timer_Pin.lst -g -D DEBUG -Wall -ffunction-sections -ffat-lto-objects -Og -c Generated_Source\PSoC4\Timer_Pin.c -o .\CortexM0\ARM_GCC_541\Debug\Timer_Pin.o
arm-none-eabi-gcc.exe -mcpu=cortex-m0 -mthumb -I./HindsightCAN -I. -IGenerated_Source\PSoC4 -Wa,-alh=.\CortexM0\ARM_GCC_541\Debug/Timer_Pin_PM.lst -g -D DEBUG -Wall -ffunction-sections -ffat-lto-objects -Og -c Generated_Source\PSoC4\Timer_Pin_PM.c -o .\CortexM0\ARM_GCC_541\Debug\Timer_Pin_PM.o
arm-none-eabi-gcc.exe -mcpu=cortex-m0 -mthumb -I./HindsightCAN -I. -IGenerated_Source\PSoC4 -Wa,-alh=.\CortexM0\ARM_GCC_541\Debug/CapSense.lst -g -D DEBUG -Wall -ffunction-sections -ffat-lto-objects -Og -c Generated_Source\PSoC4\CapSense.c -o .\CortexM0\ARM_GCC_541\Debug\CapSense.o
arm-none-eabi-gcc.exe -mcpu=cortex-m0 -mthumb -I./HindsightCAN -I. -IGenerated_Source\PSoC4 -Wa,-alh=.\CortexM0\ARM_GCC_541\Debug/CapSense_PM.lst -g -D DEBUG -Wall -ffunction-sections -ffat-lto-objects -Og -c Generated_Source\PSoC4\CapSense_PM.c -o .\CortexM0\ARM_GCC_541\Debug\CapSense_PM.o
arm-none-eabi-gcc.exe -mcpu=cortex-m0 -mthumb -I./HindsightCAN -I. -IGenerated_Source\PSoC4 -Wa,-alh=.\CortexM0\ARM_GCC_541\Debug/CapSense_CSHL.lst -g -D DEBUG -Wall -ffunction-sections -ffat-lto-objects -Og -c Generated_Source\PSoC4\CapSense_CSHL.c -o .\CortexM0\ARM_GCC_541\Debug\CapSense_CSHL.o
arm-none-eabi-gcc.exe -mcpu=cortex-m0 -mthumb -I./HindsightCAN -I. -IGenerated_Source\PSoC4 -Wa,-alh=.\CortexM0\ARM_GCC_541\Debug/CapSense_INT.lst -g -D DEBUG -Wall -ffunction-sections -ffat-lto-objects -Og -c Generated_Source\PSoC4\CapSense_INT.c -o .\CortexM0\ARM_GCC_541\Debug\CapSense_INT.o
arm-none-eabi-gcc.exe -mcpu=cortex-m0 -mthumb -I./HindsightCAN -I. -IGenerated_Source\PSoC4 -Wa,-alh=.\CortexM0\ARM_GCC_541\Debug/CapSense_TunerHelper.lst -g -D DEBUG -Wall -ffunction-sections -ffat-lto-objects -Og -c Generated_Source\PSoC4\CapSense_TunerHelper.c -o .\CortexM0\ARM_GCC_541\Debug\CapSense_TunerHelper.o
arm-none-eabi-gcc.exe -mcpu=cortex-m0 -mthumb -I./HindsightCAN -I. -IGenerated_Source\PSoC4 -Wa,-alh=.\CortexM0\ARM_GCC_541\Debug/CapSense_SMS.lst -g -D DEBUG -Wall -ffunction-sections -ffat-lto-objects -Og -c Generated_Source\PSoC4\CapSense_SMS.c -o .\CortexM0\ARM_GCC_541\Debug\CapSense_SMS.o
arm-none-eabi-gcc.exe -mcpu=cortex-m0 -mthumb -I./HindsightCAN -I. -IGenerated_Source\PSoC4 -Wa,-alh=.\CortexM0\ARM_GCC_541\Debug/IDAC_8bit_Out.lst -g -D DEBUG -Wall -ffunction-sections -ffat-lto-objects -Og -c Generated_Source\PSoC4\IDAC_8bit_Out.c -o .\CortexM0\ARM_GCC_541\Debug\IDAC_8bit_Out.o
arm-none-eabi-gcc.exe -mcpu=cortex-m0 -mthumb -I./HindsightCAN -I. -IGenerated_Source\PSoC4 -Wa,-alh=.\CortexM0\ARM_GCC_541\Debug/IDAC_8bit_Out_PM.lst -g -D DEBUG -Wall -ffunction-sections -ffat-lto-objects -Og -c Generated_Source\PSoC4\IDAC_8bit_Out_PM.c -o .\CortexM0\ARM_GCC_541\Debug\IDAC_8bit_Out_PM.o
arm-none-eabi-gcc.exe -mcpu=cortex-m0 -mthumb -I./HindsightCAN -I. -IGenerated_Source\PSoC4 -Wa,-alh=.\CortexM0\ARM_GCC_541\Debug/IDAC_7bit_In.lst -g -D DEBUG -Wall -ffunction-sections -ffat-lto-objects -Og -c Generated_Source\PSoC4\IDAC_7bit_In.c -o .\CortexM0\ARM_GCC_541\Debug\IDAC_7bit_In.o
arm-none-eabi-gcc.exe -mcpu=cortex-m0 -mthumb -I./HindsightCAN -I. -IGenerated_Source\PSoC4 -Wa,-alh=.\CortexM0\ARM_GCC_541\Debug/IDAC_7bit_In_PM.lst -g -D DEBUG -Wall -ffunction-sections -ffat-lto-objects -Og -c Generated_Source\PSoC4\IDAC_7bit_In_PM.c -o .\CortexM0\ARM_GCC_541\Debug\IDAC_7bit_In_PM.o
arm-none-eabi-gcc.exe -mcpu=cortex-m0 -mthumb -I./HindsightCAN -I. -IGenerated_Source\PSoC4 -Wa,-alh=.\CortexM0\ARM_GCC_541\Debug/IDAC_8bit.lst -g -D DEBUG -Wall -ffunction-sections -ffat-lto-objects -Og -c Generated_Source\PSoC4\IDAC_8bit.c -o .\CortexM0\ARM_GCC_541\Debug\IDAC_8bit.o
arm-none-eabi-gcc.exe -mcpu=cortex-m0 -mthumb -I./HindsightCAN -I. -IGenerated_Source\PSoC4 -Wa,-alh=.\CortexM0\ARM_GCC_541\Debug/IDAC_8bit_PM.lst -g -D DEBUG -Wall -ffunction-sections -ffat-lto-objects -Og -c Generated_Source\PSoC4\IDAC_8bit_PM.c -o .\CortexM0\ARM_GCC_541\Debug\IDAC_8bit_PM.o
arm-none-eabi-gcc.exe -mcpu=cortex-m0 -mthumb -I./HindsightCAN -I. -IGenerated_Source\PSoC4 -Wa,-alh=.\CortexM0\ARM_GCC_541\Debug/IDAC_7bit.lst -g -D DEBUG -Wall -ffunction-sections -ffat-lto-objects -Og -c Generated_Source\PSoC4\IDAC_7bit.c -o .\CortexM0\ARM_GCC_541\Debug\IDAC_7bit.o
arm-none-eabi-gcc.exe -mcpu=cortex-m0 -mthumb -I./HindsightCAN -I. -IGenerated_Source\PSoC4 -Wa,-alh=.\CortexM0\ARM_GCC_541\Debug/IDAC_7bit_PM.lst -g -D DEBUG -Wall -ffunction-sections -ffat-lto-objects -Og -c Generated_Source\PSoC4\IDAC_7bit_PM.c -o .\CortexM0\ARM_GCC_541\Debug\IDAC_7bit_PM.o
arm-none-eabi-gcc.exe -mcpu=cortex-m0 -mthumb -I./HindsightCAN -I. -IGenerated_Source\PSoC4 -Wa,-alh=.\CortexM0\ARM_GCC_541\Debug/ADC_EOC_Int.lst -g -D DEBUG -Wall -ffunction-sections -ffat-lto-objects -Og -c Generated_Source\PSoC4\ADC_EOC_Int.c -o .\CortexM0\ARM_GCC_541\Debug\ADC_EOC_Int.o
arm-none-eabi-gcc.exe -mcpu=cortex-m0 -mthumb -I./HindsightCAN -I. -IGenerated_Source\PSoC4 -Wa,-alh=.\CortexM0\ARM_GCC_541\Debug/ADC_2_Buffer.lst -g -D DEBUG -Wall -ffunction-sections -ffat-lto-objects -Og -c Generated_Source\PSoC4\ADC_2_Buffer.c -o .\CortexM0\ARM_GCC_541\Debug\ADC_2_Buffer.o
arm-none-eabi-gcc.exe -mcpu=cortex-m0 -mthumb -I./HindsightCAN -I. -IGenerated_Source\PSoC4 -Wa,-alh=.\CortexM0\ARM_GCC_541\Debug/ADC_2_Buffer_PM.lst -g -D DEBUG -Wall -ffunction-sections -ffat-lto-objects -Og -c Generated_Source\PSoC4\ADC_2_Buffer_PM.c -o .\CortexM0\ARM_GCC_541\Debug\ADC_2_Buffer_PM.o
arm-none-eabi-gcc.exe -mcpu=cortex-m0 -mthumb -I./HindsightCAN -I. -IGenerated_Source\PSoC4 -Wa,-alh=.\CortexM0\ARM_GCC_541\Debug/ADC_3_Buffer.lst -g -D DEBUG -Wall -ffunction-sections -ffat-lto-objects -Og -c Generated_Source\PSoC4\ADC_3_Buffer.c -o .\CortexM0\ARM_GCC_541\Debug\ADC_3_Buffer.o
arm-none-eabi-gcc.exe -mcpu=cortex-m0 -mthumb -I./HindsightCAN -I. -IGenerated_Source\PSoC4 -Wa,-alh=.\CortexM0\ARM_GCC_541\Debug/ADC_3_Buffer_PM.lst -g -D DEBUG -Wall -ffunction-sections -ffat-lto-objects -Og -c Generated_Source\PSoC4\ADC_3_Buffer_PM.c -o .\CortexM0\ARM_GCC_541\Debug\ADC_3_Buffer_PM.o
arm-none-eabi-gcc.exe -mcpu=cortex-m0 -mthumb -I./HindsightCAN -I. -IGenerated_Source\PSoC4 -Wa,-alh=.\CortexM0\ARM_GCC_541\Debug/ADC_0.lst -g -D DEBUG -Wall -ffunction-sections -ffat-lto-objects -Og -c Generated_Source\PSoC4\ADC_0.c -o .\CortexM0\ARM_GCC_541\Debug\ADC_0.o
arm-none-eabi-gcc.exe -mcpu=cortex-m0 -mthumb -I./HindsightCAN -I. -IGenerated_Source\PSoC4 -Wa,-alh=.\CortexM0\ARM_GCC_541\Debug/ADC_0_PM.lst -g -D DEBUG -Wall -ffunction-sections -ffat-lto-objects -Og -c Generated_Source\PSoC4\ADC_0_PM.c -o .\CortexM0\ARM_GCC_541\Debug\ADC_0_PM.o
arm-none-eabi-gcc.exe -mcpu=cortex-m0 -mthumb -I./HindsightCAN -I. -IGenerated_Source\PSoC4 -Wa,-alh=.\CortexM0\ARM_GCC_541\Debug/ADC_1P.lst -g -D DEBUG -Wall -ffunction-sections -ffat-lto-objects -Og -c Generated_Source\PSoC4\ADC_1P.c -o .\CortexM0\ARM_GCC_541\Debug\ADC_1P.o
arm-none-eabi-gcc.exe -mcpu=cortex-m0 -mthumb -I./HindsightCAN -I. -IGenerated_Source\PSoC4 -Wa,-alh=.\CortexM0\ARM_GCC_541\Debug/ADC_1P_PM.lst -g -D DEBUG -Wall -ffunction-sections -ffat-lto-objects -Og -c Generated_Source\PSoC4\ADC_1P_PM.c -o .\CortexM0\ARM_GCC_541\Debug\ADC_1P_PM.o
arm-none-eabi-gcc.exe -mcpu=cortex-m0 -mthumb -I./HindsightCAN -I. -IGenerated_Source\PSoC4 -Wa,-alh=.\CortexM0\ARM_GCC_541\Debug/ADC_1M.lst -g -D DEBUG -Wall -ffunction-sections -ffat-lto-objects -Og -c Generated_Source\PSoC4\ADC_1M.c -o .\CortexM0\ARM_GCC_541\Debug\ADC_1M.o
arm-none-eabi-gcc.exe -mcpu=cortex-m0 -mthumb -I./HindsightCAN -I. -IGenerated_Source\PSoC4 -Wa,-alh=.\CortexM0\ARM_GCC_541\Debug/ADC_1M_PM.lst -g -D DEBUG -Wall -ffunction-sections -ffat-lto-objects -Og -c Generated_Source\PSoC4\ADC_1M_PM.c -o .\CortexM0\ARM_GCC_541\Debug\ADC_1M_PM.o
arm-none-eabi-gcc.exe -mcpu=cortex-m0 -mthumb -I./HindsightCAN -I. -IGenerated_Source\PSoC4 -Wa,-alh=.\CortexM0\ARM_GCC_541\Debug/ADC_2.lst -g -D DEBUG -Wall -ffunction-sections -ffat-lto-objects -Og -c Generated_Source\PSoC4\ADC_2.c -o .\CortexM0\ARM_GCC_541\Debug\ADC_2.o
arm-none-eabi-gcc.exe -mcpu=cortex-m0 -mthumb -I./HindsightCAN -I. -IGenerated_Source\PSoC4 -Wa,-alh=.\CortexM0\ARM_GCC_541\Debug/ADC_2_PM.lst -g -D DEBUG -Wall -ffunction-sections -ffat-lto-objects -Og -c Generated_Source\PSoC4\ADC_2_PM.c -o .\CortexM0\ARM_GCC_541\Debug\ADC_2_PM.o
arm-none-eabi-gcc.exe -mcpu=cortex-m0 -mthumb -I./HindsightCAN -I. -IGenerated_Source\PSoC4 -Wa,-alh=.\CortexM0\ARM_GCC_541\Debug/ADC_3.lst -g -D DEBUG -Wall -ffunction-sections -ffat-lto-objects -Og -c Generated_Source\PSoC4\ADC_3.c -o .\CortexM0\ARM_GCC_541\Debug\ADC_3.o
arm-none-eabi-gcc.exe -mcpu=cortex-m0 -mthumb -I./HindsightCAN -I. -IGenerated_Source\PSoC4 -Wa,-alh=.\CortexM0\ARM_GCC_541\Debug/ADC_3_PM.lst -g -D DEBUG -Wall -ffunction-sections -ffat-lto-objects -Og -c Generated_Source\PSoC4\ADC_3_PM.c -o .\CortexM0\ARM_GCC_541\Debug\ADC_3_PM.o
arm-none-eabi-gcc.exe -mcpu=cortex-m0 -mthumb -I./HindsightCAN -I. -IGenerated_Source\PSoC4 -Wa,-alh=.\CortexM0\ARM_GCC_541\Debug/ADC.lst -g -D DEBUG -Wall -ffunction-sections -ffat-lto-objects -Og -c Generated_Source\PSoC4\ADC.c -o .\CortexM0\ARM_GCC_541\Debug\ADC.o
arm-none-eabi-gcc.exe -mcpu=cortex-m0 -mthumb -I./HindsightCAN -I. -IGenerated_Source\PSoC4 -Wa,-alh=.\CortexM0\ARM_GCC_541\Debug/ADC_PM.lst -g -D DEBUG -Wall -ffunction-sections -ffat-lto-objects -Og -c Generated_Source\PSoC4\ADC_PM.c -o .\CortexM0\ARM_GCC_541\Debug\ADC_PM.o
arm-none-eabi-gcc.exe -mcpu=cortex-m0 -mthumb -I./HindsightCAN -I. -IGenerated_Source\PSoC4 -Wa,-alh=.\CortexM0\ARM_GCC_541\Debug/ADC_INT.lst -g -D DEBUG -Wall -ffunction-sections -ffat-lto-objects -Og -c Generated_Source\PSoC4\ADC_INT.c -o .\CortexM0\ARM_GCC_541\Debug\ADC_INT.o
arm-none-eabi-gcc.exe -mcpu=cortex-m0 -mthumb -I./HindsightCAN -I. -IGenerated_Source\PSoC4 -Wa,-alh=.\CortexM0\ARM_GCC_541\Debug/Clock_1MHz.lst -g -D DEBUG -Wall -ffunction-sections -ffat-lto-objects -Og -c Generated_Source\PSoC4\Clock_1MHz.c -o .\CortexM0\ARM_GCC_541\Debug\Clock_1MHz.o
arm-none-eabi-gcc.exe -mcpu=cortex-m0 -mthumb -I./HindsightCAN -I. -IGenerated_Source\PSoC4 -Wa,-alh=.\CortexM0\ARM_GCC_541\Debug/PWM_0_Int.lst -g -D DEBUG -Wall -ffunction-sections -ffat-lto-objects -Og -c Generated_Source\PSoC4\PWM_0_Int.c -o .\CortexM0\ARM_GCC_541\Debug\PWM_0_Int.o
arm-none-eabi-gcc.exe -mcpu=cortex-m0 -mthumb -I./HindsightCAN -I. -IGenerated_Source\PSoC4 -Wa,-alh=.\CortexM0\ARM_GCC_541\Debug/PWM_0_Out.lst -g -D DEBUG -Wall -ffunction-sections -ffat-lto-objects -Og -c Generated_Source\PSoC4\PWM_0_Out.c -o .\CortexM0\ARM_GCC_541\Debug\PWM_0_Out.o
arm-none-eabi-gcc.exe -mcpu=cortex-m0 -mthumb -I./HindsightCAN -I. -IGenerated_Source\PSoC4 -Wa,-alh=.\CortexM0\ARM_GCC_541\Debug/PWM_0_Out_PM.lst -g -D DEBUG -Wall -ffunction-sections -ffat-lto-objects -Og -c Generated_Source\PSoC4\PWM_0_Out_PM.c -o .\CortexM0\ARM_GCC_541\Debug\PWM_0_Out_PM.o
arm-none-eabi-gcc.exe -mcpu=cortex-m0 -mthumb -I./HindsightCAN -I. -IGenerated_Source\PSoC4 -Wa,-alh=.\CortexM0\ARM_GCC_541\Debug/PWM_1_Out.lst -g -D DEBUG -Wall -ffunction-sections -ffat-lto-objects -Og -c Generated_Source\PSoC4\PWM_1_Out.c -o .\CortexM0\ARM_GCC_541\Debug\PWM_1_Out.o
arm-none-eabi-gcc.exe -mcpu=cortex-m0 -mthumb -I./HindsightCAN -I. -IGenerated_Source\PSoC4 -Wa,-alh=.\CortexM0\ARM_GCC_541\Debug/PWM_1_Out_PM.lst -g -D DEBUG -Wall -ffunction-sections -ffat-lto-objects -Og -c Generated_Source\PSoC4\PWM_1_Out_PM.c -o .\CortexM0\ARM_GCC_541\Debug\PWM_1_Out_PM.o
arm-none-eabi-gcc.exe -mcpu=cortex-m0 -mthumb -I./HindsightCAN -I. -IGenerated_Source\PSoC4 -Wa,-alh=.\CortexM0\ARM_GCC_541\Debug/PWM_2_Out.lst -g -D DEBUG -Wall -ffunction-sections -ffat-lto-objects -Og -c Generated_Source\PSoC4\PWM_2_Out.c -o .\CortexM0\ARM_GCC_541\Debug\PWM_2_Out.o
arm-none-eabi-gcc.exe -mcpu=cortex-m0 -mthumb -I./HindsightCAN -I. -IGenerated_Source\PSoC4 -Wa,-alh=.\CortexM0\ARM_GCC_541\Debug/PWM_2_Out_PM.lst -g -D DEBUG -Wall -ffunction-sections -ffat-lto-objects -Og -c Generated_Source\PSoC4\PWM_2_Out_PM.c -o .\CortexM0\ARM_GCC_541\Debug\PWM_2_Out_PM.o
arm-none-eabi-gcc.exe -mcpu=cortex-m0 -mthumb -I./HindsightCAN -I. -IGenerated_Source\PSoC4 -Wa,-alh=.\CortexM0\ARM_GCC_541\Debug/Timer.lst -g -D DEBUG -Wall -ffunction-sections -ffat-lto-objects -Og -c Generated_Source\PSoC4\Timer.c -o .\CortexM0\ARM_GCC_541\Debug\Timer.o
arm-none-eabi-gcc.exe -mcpu=cortex-m0 -mthumb -I./HindsightCAN -I. -IGenerated_Source\PSoC4 -Wa,-alh=.\CortexM0\ARM_GCC_541\Debug/Timer_PM.lst -g -D DEBUG -Wall -ffunction-sections -ffat-lto-objects -Og -c Generated_Source\PSoC4\Timer_PM.c -o .\CortexM0\ARM_GCC_541\Debug\Timer_PM.o
arm-none-eabi-gcc.exe -mcpu=cortex-m0 -mthumb -I./HindsightCAN -I. -IGenerated_Source\PSoC4 -Wa,-alh=.\CortexM0\ARM_GCC_541\Debug/PWM_2.lst -g -D DEBUG -Wall -ffunction-sections -ffat-lto-objects -Og -c Generated_Source\PSoC4\PWM_2.c -o .\CortexM0\ARM_GCC_541\Debug\PWM_2.o
arm-none-eabi-gcc.exe -mcpu=cortex-m0 -mthumb -I./HindsightCAN -I. -IGenerated_Source\PSoC4 -Wa,-alh=.\CortexM0\ARM_GCC_541\Debug/PWM_2_PM.lst -g -D DEBUG -Wall -ffunction-sections -ffat-lto-objects -Og -c Generated_Source\PSoC4\PWM_2_PM.c -o .\CortexM0\ARM_GCC_541\Debug\PWM_2_PM.o
arm-none-eabi-gcc.exe -mcpu=cortex-m0 -mthumb -I./HindsightCAN -I. -IGenerated_Source\PSoC4 -Wa,-alh=.\CortexM0\ARM_GCC_541\Debug/PWM_1.lst -g -D DEBUG -Wall -ffunction-sections -ffat-lto-objects -Og -c Generated_Source\PSoC4\PWM_1.c -o .\CortexM0\ARM_GCC_541\Debug\PWM_1.o
arm-none-eabi-gcc.exe -mcpu=cortex-m0 -mthumb -I./HindsightCAN -I. -IGenerated_Source\PSoC4 -Wa,-alh=.\CortexM0\ARM_GCC_541\Debug/PWM_1_PM.lst -g -D DEBUG -Wall -ffunction-sections -ffat-lto-objects -Og -c Generated_Source\PSoC4\PWM_1_PM.c -o .\CortexM0\ARM_GCC_541\Debug\PWM_1_PM.o
arm-none-eabi-gcc.exe -mcpu=cortex-m0 -mthumb -I./HindsightCAN -I. -IGenerated_Source\PSoC4 -Wa,-alh=.\CortexM0\ARM_GCC_541\Debug/PWM_0.lst -g -D DEBUG -Wall -ffunction-sections -ffat-lto-objects -Og -c Generated_Source\PSoC4\PWM_0.c -o .\CortexM0\ARM_GCC_541\Debug\PWM_0.o
arm-none-eabi-gcc.exe -mcpu=cortex-m0 -mthumb -I./HindsightCAN -I. -IGenerated_Source\PSoC4 -Wa,-alh=.\CortexM0\ARM_GCC_541\Debug/PWM_0_PM.lst -g -D DEBUG -Wall -ffunction-sections -ffat-lto-objects -Og -c Generated_Source\PSoC4\PWM_0_PM.c -o .\CortexM0\ARM_GCC_541\Debug\PWM_0_PM.o
arm-none-eabi-gcc.exe -mcpu=cortex-m0 -mthumb -I./HindsightCAN -I. -IGenerated_Source\PSoC4 -Wa,-alh=.\CortexM0\ARM_GCC_541\Debug/CapSense_SampleClk.lst -g -D DEBUG -Wall -ffunction-sections -ffat-lto-objects -Og -c Generated_Source\PSoC4\CapSense_SampleClk.c -o .\CortexM0\ARM_GCC_541\Debug\CapSense_SampleClk.o
arm-none-eabi-gcc.exe -mcpu=cortex-m0 -mthumb -I./HindsightCAN -I. -IGenerated_Source\PSoC4 -Wa,-alh=.\CortexM0\ARM_GCC_541\Debug/CapSense_SenseClk.lst -g -D DEBUG -Wall -ffunction-sections -ffat-lto-objects -Og -c Generated_Source\PSoC4\CapSense_SenseClk.c -o .\CortexM0\ARM_GCC_541\Debug\CapSense_SenseClk.o
arm-none-eabi-gcc.exe -mcpu=cortex-m0 -mthumb -I./HindsightCAN -I. -IGenerated_Source\PSoC4 -Wa,-alh=.\CortexM0\ARM_GCC_541\Debug/ADC_IRQ.lst -g -D DEBUG -Wall -ffunction-sections -ffat-lto-objects -Og -c Generated_Source\PSoC4\ADC_IRQ.c -o .\CortexM0\ARM_GCC_541\Debug\ADC_IRQ.o
arm-none-eabi-gcc.exe -mcpu=cortex-m0 -mthumb -I./HindsightCAN -I. -IGenerated_Source\PSoC4 -Wa,-alh=.\CortexM0\ARM_GCC_541\Debug/ADC_intClock.lst -g -D DEBUG -Wall -ffunction-sections -ffat-lto-objects -Og -c Generated_Source\PSoC4\ADC_intClock.c -o .\CortexM0\ARM_GCC_541\Debug\ADC_intClock.o
arm-none-eabi-gcc.exe -mcpu=cortex-m0 -mthumb -I./HindsightCAN -I. -IGenerated_Source\PSoC4 -Wa,-alh=.\CortexM0\ARM_GCC_541\Debug/Cm0Start.lst -g -D DEBUG -Wall -ffunction-sections -ffat-lto-objects -Og -c Generated_Source\PSoC4\Cm0Start.c -o .\CortexM0\ARM_GCC_541\Debug\Cm0Start.o
arm-none-eabi-gcc.exe -mcpu=cortex-m0 -mthumb -I./HindsightCAN -I. -IGenerated_Source\PSoC4 -Wa,-alh=.\CortexM0\ARM_GCC_541\Debug/CyFlash.lst -g -D DEBUG -Wall -ffunction-sections -ffat-lto-objects -Og -c Generated_Source\PSoC4\CyFlash.c -o .\CortexM0\ARM_GCC_541\Debug\CyFlash.o
arm-none-eabi-gcc.exe -mcpu=cortex-m0 -mthumb -I./HindsightCAN -I. -IGenerated_Source\PSoC4 -Wa,-alh=.\CortexM0\ARM_GCC_541\Debug/CyLib.lst -g -D DEBUG -Wall -ffunction-sections -ffat-lto-objects -Og -c Generated_Source\PSoC4\CyLib.c -o .\CortexM0\ARM_GCC_541\Debug\CyLib.o
arm-none-eabi-gcc.exe -mcpu=cortex-m0 -mthumb -I./HindsightCAN -I. -IGenerated_Source\PSoC4 -Wa,-alh=.\CortexM0\ARM_GCC_541\Debug/cyPm.lst -g -D DEBUG -Wall -ffunction-sections -ffat-lto-objects -Og -c Generated_Source\PSoC4\cyPm.c -o .\CortexM0\ARM_GCC_541\Debug\cyPm.o
arm-none-eabi-gcc.exe -mcpu=cortex-m0 -mthumb -I./HindsightCAN -I. -IGenerated_Source\PSoC4 -Wa,-alh=.\CortexM0\ARM_GCC_541\Debug/cyutils.lst -g -D DEBUG -Wall -ffunction-sections -ffat-lto-objects -Og -c Generated_Source\PSoC4\cyutils.c -o .\CortexM0\ARM_GCC_541\Debug\cyutils.o
arm-none-eabi-gcc.exe -mcpu=cortex-m0 -mthumb -I./HindsightCAN -I. -IGenerated_Source\PSoC4 -Wa,-alh=.\CortexM0\ARM_GCC_541\Debug/CyDMA.lst -g -D DEBUG -Wall -ffunction-sections -ffat-lto-objects -Og -c Generated_Source\PSoC4\CyDMA.c -o .\CortexM0\ARM_GCC_541\Debug\CyDMA.o
arm-none-eabi-gcc.exe -mcpu=cortex-m0 -mthumb -I./HindsightCAN -I. -IGenerated_Source\PSoC4 -Wa,-alh=.\CortexM0\ARM_GCC_541\Debug/CyLFClk.lst -g -D DEBUG -Wall -ffunction-sections -ffat-lto-objects -Og -c Generated_Source\PSoC4\CyLFClk.c -o .\CortexM0\ARM_GCC_541\Debug\CyLFClk.o
arm-none-eabi-gcc.exe -mcpu=cortex-m0 -mthumb -I./HindsightCAN -I. -IGenerated_Source\PSoC4 -Wa,-alh=.\CortexM0\ARM_GCC_541\Debug/cy_em_eeprom.lst -g -D DEBUG -Wall -ffunction-sections -ffat-lto-objects -Og -c Generated_Source\PSoC4\cy_em_eeprom.c -o .\CortexM0\ARM_GCC_541\Debug\cy_em_eeprom.o
arm-none-eabi-gcc.exe -mcpu=cortex-m0 -mthumb -I./HindsightCAN -I. -IGenerated_Source\PSoC4 -Wa,-alh=.\CortexM0\ARM_GCC_541\Debug/RX_1.lst -g -D DEBUG -Wall -ffunction-sections -ffat-lto-objects -Og -c Generated_Source\PSoC4\RX_1.c -o .\CortexM0\ARM_GCC_541\Debug\RX_1.o
arm-none-eabi-gcc.exe -mcpu=cortex-m0 -mthumb -I./HindsightCAN -I. -IGenerated_Source\PSoC4 -Wa,-alh=.\CortexM0\ARM_GCC_541\Debug/RX_1_PM.lst -g -D DEBUG -Wall -ffunction-sections -ffat-lto-objects -Og -c Generated_Source\PSoC4\RX_1_PM.c -o .\CortexM0\ARM_GCC_541\Debug\RX_1_PM.o
arm-none-eabi-gcc.exe -mcpu=cortex-m0 -mthumb -I./HindsightCAN -I. -IGenerated_Source\PSoC4 -Wa,-alh=.\CortexM0\ARM_GCC_541\Debug/TX_1.lst -g -D DEBUG -Wall -ffunction-sections -ffat-lto-objects -Og -c Generated_Source\PSoC4\TX_1.c -o .\CortexM0\ARM_GCC_541\Debug\TX_1.o
arm-none-eabi-gcc.exe -mcpu=cortex-m0 -mthumb -I./HindsightCAN -I. -IGenerated_Source\PSoC4 -Wa,-alh=.\CortexM0\ARM_GCC_541\Debug/TX_1_PM.lst -g -D DEBUG -Wall -ffunction-sections -ffat-lto-objects -Og -c Generated_Source\PSoC4\TX_1_PM.c -o .\CortexM0\ARM_GCC_541\Debug\TX_1_PM.o
arm-none-eabi-gcc.exe -mcpu=cortex-m0 -mthumb -I./HindsightCAN -I. -IGenerated_Source\PSoC4 -Wa,-alh=.\CortexM0\ARM_GCC_541\Debug/CAN_1.lst -g -D DEBUG -Wall -ffunction-sections -ffat-lto-objects -Og -c Generated_Source\PSoC4\CAN_1.c -o .\CortexM0\ARM_GCC_541\Debug\CAN_1.o
arm-none-eabi-gcc.exe -mcpu=cortex-m0 -mthumb -I./HindsightCAN -I. -IGenerated_Source\PSoC4 -Wa,-alh=.\CortexM0\ARM_GCC_541\Debug/CAN_1_INT.lst -g -D DEBUG -Wall -ffunction-sections -ffat-lto-objects -Og -c Generated_Source\PSoC4\CAN_1_INT.c -o .\CortexM0\ARM_GCC_541\Debug\CAN_1_INT.o
arm-none-eabi-gcc.exe -mcpu=cortex-m0 -mthumb -I./HindsightCAN -I. -IGenerated_Source\PSoC4 -Wa,-alh=.\CortexM0\ARM_GCC_541\Debug/CAN_1_PM.lst -g -D DEBUG -Wall -ffunction-sections -ffat-lto-objects -Og -c Generated_Source\PSoC4\CAN_1_PM.c -o .\CortexM0\ARM_GCC_541\Debug\CAN_1_PM.o
arm-none-eabi-gcc.exe -mcpu=cortex-m0 -mthumb -I./HindsightCAN -I. -IGenerated_Source\PSoC4 -Wa,-alh=.\CortexM0\ARM_GCC_541\Debug/CAN_1_TX_RX_func.lst -g -D DEBUG -Wall -ffunction-sections -ffat-lto-objects -Og -c Generated_Source\PSoC4\CAN_1_TX_RX_func.c -o .\CortexM0\ARM_GCC_541\Debug\CAN_1_TX_RX_func.o
arm-none-eabi-gcc.exe -mcpu=cortex-m0 -mthumb -I./HindsightCAN -I. -IGenerated_Source\PSoC4 -Wa,-alh=.\CortexM0\ARM_GCC_541\Debug/UART_1.lst -g -D DEBUG -Wall -ffunction-sections -ffat-lto-objects -Og -c Generated_Source\PSoC4\UART_1.c -o .\CortexM0\ARM_GCC_541\Debug\UART_1.o
arm-none-eabi-gcc.exe -mcpu=cortex-m0 -mthumb -I./HindsightCAN -I. -IGenerated_Source\PSoC4 -Wa,-alh=.\CortexM0\ARM_GCC_541\Debug/UART_1_SPI_UART.lst -g -D DEBUG -Wall -ffunction-sections -ffat-lto-objects -Og -c Generated_Source\PSoC4\UART_1_SPI_UART.c -o .\CortexM0\ARM_GCC_541\Debug\UART_1_SPI_UART.o
arm-none-eabi-gcc.exe -mcpu=cortex-m0 -mthumb -I./HindsightCAN -I. -IGenerated_Source\PSoC4 -Wa,-alh=.\CortexM0\ARM_GCC_541\Debug/UART_1_SPI_UART_INT.lst -g -D DEBUG -Wall -ffunction-sections -ffat-lto-objects -Og -c Generated_Source\PSoC4\UART_1_SPI_UART_INT.c -o .\CortexM0\ARM_GCC_541\Debug\UART_1_SPI_UART_INT.o
arm-none-eabi-gcc.exe -mcpu=cortex-m0 -mthumb -I./HindsightCAN -I. -IGenerated_Source\PSoC4 -Wa,-alh=.\CortexM0\ARM_GCC_541\Debug/UART_1_PM.lst -g -D DEBUG -Wall -ffunction-sections -ffat-lto-objects -Og -c Generated_Source\PSoC4\UART_1_PM.c -o .\CortexM0\ARM_GCC_541\Debug\UART_1_PM.o
arm-none-eabi-gcc.exe -mcpu=cortex-m0 -mthumb -I./HindsightCAN -I. -IGenerated_Source\PSoC4 -Wa,-alh=.\CortexM0\ARM_GCC_541\Debug/UART_1_UART.lst -g -D DEBUG -Wall -ffunction-sections -ffat-lto-objects -Og -c Generated_Source\PSoC4\UART_1_UART.c -o .\CortexM0\ARM_GCC_541\Debug\UART_1_UART.o
arm-none-eabi-gcc.exe -mcpu=cortex-m0 -mthumb -I./HindsightCAN -I. -IGenerated_Source\PSoC4 -Wa,-alh=.\CortexM0\ARM_GCC_541\Debug/UART_1_BOOT.lst -g -D DEBUG -Wall -ffunction-sections -ffat-lto-objects -Og -c Generated_Source\PSoC4\UART_1_BOOT.c -o .\CortexM0\ARM_GCC_541\Debug\UART_1_BOOT.o
arm-none-eabi-gcc.exe -mcpu=cortex-m0 -mthumb -I./HindsightCAN -I. -IGenerated_Source\PSoC4 -Wa,-alh=.\CortexM0\ARM_GCC_541\Debug/UART_1_UART_BOOT.lst -g -D DEBUG -Wall -ffunction-sections -ffat-lto-objects -Og -c Generated_Source\PSoC4\UART_1_UART_BOOT.c -o .\CortexM0\ARM_GCC_541\Debug\UART_1_UART_BOOT.o
arm-none-eabi-gcc.exe -mcpu=cortex-m0 -mthumb -I./HindsightCAN -I. -IGenerated_Source\PSoC4 -Wa,-alh=.\CortexM0\ARM_GCC_541\Debug/Status_Reg_1.lst -g -D DEBUG -Wall -ffunction-sections -ffat-lto-objects -Og -c Generated_Source\PSoC4\Status_Reg_1.c -o .\CortexM0\ARM_GCC_541\Debug\Status_Reg_1.o
arm-none-eabi-gcc.exe -mcpu=cortex-m0 -mthumb -I./HindsightCAN -I. -IGenerated_Source\PSoC4 -Wa,-alh=.\CortexM0\ARM_GCC_541\Debug/Timer_1.lst -g -D DEBUG -Wall -ffunction-sections -ffat-lto-objects -Og -c Generated_Source\PSoC4\Timer_1.c -o .\CortexM0\ARM_GCC_541\Debug\Timer_1.o
arm-none-eabi-gcc.exe -mcpu=cortex-m0 -mthumb -I./HindsightCAN -I. -IGenerated_Source\PSoC4 -Wa,-alh=.\CortexM0\ARM_GCC_541\Debug/Timer_1_PM.lst -g -D DEBUG -Wall -ffunction-sections -ffat-lto-objects -Og -c Generated_Source\PSoC4\Timer_1_PM.c -o .\CortexM0\ARM_GCC_541\Debug\Timer_1_PM.o
arm-none-eabi-gcc.exe -mcpu=cortex-m0 -mthumb -I./HindsightCAN -I. -IGenerated_Source\PSoC4 -Wa,-alh=.\CortexM0\ARM_GCC_541\Debug/PWM_3.lst -g -D DEBUG -Wall -ffunction-sections -ffat-lto-objects -Og -c Generated_Source\PSoC4\PWM_3.c -o .\CortexM0\ARM_GCC_541\Debug\PWM_3.o
arm-none-eabi-gcc.exe -mcpu=cortex-m0 -mthumb -I./HindsightCAN -I. -IGenerated_Source\PSoC4 -Wa,-alh=.\CortexM0\ARM_GCC_541\Debug/PWM_3_PM.lst -g -D DEBUG -Wall -ffunction-sections -ffat-lto-objects -Og -c Generated_Source\PSoC4\PWM_3_PM.c -o .\CortexM0\ARM_GCC_541\Debug\PWM_3_PM.o
arm-none-eabi-gcc.exe -mcpu=cortex-m0 -mthumb -I./HindsightCAN -I. -IGenerated_Source\PSoC4 -Wa,-alh=.\CortexM0\ARM_GCC_541\Debug/Clock_1.lst -g -D DEBUG -Wall -ffunction-sections -ffat-lto-objects -Og -c Generated_Source\PSoC4\Clock_1.c -o .\CortexM0\ARM_GCC_541\Debug\Clock_1.o
arm-none-eabi-gcc.exe -mcpu=cortex-m0 -mthumb -I./HindsightCAN -I. -IGenerated_Source\PSoC4 -Wa,-alh=.\CortexM0\ARM_GCC_541\Debug/Clock_2.lst -g -D DEBUG -Wall -ffunction-sections -ffat-lto-objects -Og -c Generated_Source\PSoC4\Clock_2.c -o .\CortexM0\ARM_GCC_541\Debug\Clock_2.o
arm-none-eabi-gcc.exe -mcpu=cortex-m0 -mthumb -I./HindsightCAN -I. -IGenerated_Source\PSoC4 -Wa,-alh=.\CortexM0\ARM_GCC_541\Debug/CAN_1_isr.lst -g -D DEBUG -Wall -ffunction-sections -ffat-lto-objects -Og -c Generated_Source\PSoC4\CAN_1_isr.c -o .\CortexM0\ARM_GCC_541\Debug\CAN_1_isr.o
arm-none-eabi-gcc.exe -mcpu=cortex-m0 -mthumb -I./HindsightCAN -I. -IGenerated_Source\PSoC4 -Wa,-alh=.\CortexM0\ARM_GCC_541\Debug/CAN_1_HFCLK.lst -g -D DEBUG -Wall -ffunction-sections -ffat-lto-objects -Og -c Generated_Source\PSoC4\CAN_1_HFCLK.c -o .\CortexM0\ARM_GCC_541\Debug\CAN_1_HFCLK.o
arm-none-eabi-gcc.exe -mcpu=cortex-m0 -mthumb -I./HindsightCAN -I. -IGenerated_Source\PSoC4 -Wa,-alh=.\CortexM0\ARM_GCC_541\Debug/UART_1_SCBCLK.lst -g -D DEBUG -Wall -ffunction-sections -ffat-lto-objects -Og -c Generated_Source\PSoC4\UART_1_SCBCLK.c -o .\CortexM0\ARM_GCC_541\Debug\UART_1_SCBCLK.o
arm-none-eabi-gcc.exe -mcpu=cortex-m0 -mthumb -I./HindsightCAN -I. -IGenerated_Source\PSoC4 -Wa,-alh=.\CortexM0\ARM_GCC_541\Debug/UART_1_tx.lst -g -D DEBUG -Wall -ffunction-sections -ffat-lto-objects -Og -c Generated_Source\PSoC4\UART_1_tx.c -o .\CortexM0\ARM_GCC_541\Debug\UART_1_tx.o
arm-none-eabi-gcc.exe -mcpu=cortex-m0 -mthumb -I./HindsightCAN -I. -IGenerated_Source\PSoC4 -Wa,-alh=.\CortexM0\ARM_GCC_541\Debug/UART_1_tx_PM.lst -g -D DEBUG -Wall -ffunction-sections -ffat-lto-objects -Og -c Generated_Source\PSoC4\UART_1_tx_PM.c -o .\CortexM0\ARM_GCC_541\Debug\UART_1_tx_PM.o
arm-none-eabi-gcc.exe -mcpu=cortex-m0 -mthumb -I./HindsightCAN -I. -IGenerated_Source\PSoC4 -Wa,-alh=.\CortexM0\ARM_GCC_541\Debug/UART_1_rx.lst -g -D DEBUG -Wall -ffunction-sections -ffat-lto-objects -Og -c Generated_Source\PSoC4\UART_1_rx.c -o .\CortexM0\ARM_GCC_541\Debug\UART_1_rx.o
arm-none-eabi-gcc.exe -mcpu=cortex-m0 -mthumb -I./HindsightCAN -I. -IGenerated_Source\PSoC4 -Wa,-alh=.\CortexM0\ARM_GCC_541\Debug/UART_1_rx_PM.lst -g -D DEBUG -Wall -ffunction-sections -ffat-lto-objects -Og -c Generated_Source\PSoC4\UART_1_rx_PM.c -o .\CortexM0\ARM_GCC_541\Debug\UART_1_rx_PM.o
arm-none-eabi-as.exe -mcpu=cortex-m0 -mthumb -I. -IGenerated_Source\PSoC4 -alh=.\CortexM0\ARM_GCC_541\Debug/CyBootAsmGnu.lst -g -W -o .\CortexM0\ARM_GCC_541\Debug\CyBootAsmGnu.o Generated_Source\PSoC4\CyBootAsmGnu.s
arm-none-eabi-ar.exe -rs .\CortexM0\ARM_GCC_541\Debug\GeneralPurposeMotorBoard.a .\CortexM0\ARM_GCC_541\Debug\Output_Pin_0.o .\CortexM0\ARM_GCC_541\Debug\Output_Pin_0_PM.o .\CortexM0\ARM_GCC_541\Debug\Output_Pin_1.o .\CortexM0\ARM_GCC_541\Debug\Output_Pin_1_PM.o .\CortexM0\ARM_GCC_541\Debug\Input_Pin_0.o .\CortexM0\ARM_GCC_541\Debug\Input_Pin_0_PM.o .\CortexM0\ARM_GCC_541\Debug\Input_Pin_1.o .\CortexM0\ARM_GCC_541\Debug\Input_Pin_1_PM.o .\CortexM0\ARM_GCC_541\Debug\Input_0_Int.o .\CortexM0\ARM_GCC_541\Debug\Input_1_Int.o .\CortexM0\ARM_GCC_541\Debug\Comp_0.o .\CortexM0\ARM_GCC_541\Debug\Comp_0_PM.o .\CortexM0\ARM_GCC_541\Debug\CompP_0.o .\CortexM0\ARM_GCC_541\Debug\CompP_0_PM.o .\CortexM0\ARM_GCC_541\Debug\CompM_0.o .\CortexM0\ARM_GCC_541\Debug\CompM_0_PM.o .\CortexM0\ARM_GCC_541\Debug\Comp_1.o .\CortexM0\ARM_GCC_541\Debug\Comp_1_PM.o .\CortexM0\ARM_GCC_541\Debug\CompP_1.o .\CortexM0\ARM_GCC_541\Debug\CompP_1_PM.o .\CortexM0\ARM_GCC_541\Debug\CompM_1.o .\CortexM0\ARM_GCC_541\Debug\CompM_1_PM.o .\CortexM0\ARM_GCC_541\Debug\LPComp_Int.o .\CortexM0\ARM_GCC_541\Debug\Wakeup_Pin.o .\CortexM0\ARM_GCC_541\Debug\Wakeup_Pin_PM.o .\CortexM0\ARM_GCC_541\Debug\Wakeup_Pin_Int.o .\CortexM0\ARM_GCC_541\Debug\Timer_Int.o .\CortexM0\ARM_GCC_541\Debug\Timer_Pin.o .\CortexM0\ARM_GCC_541\Debug\Timer_Pin_PM.o .\CortexM0\ARM_GCC_541\Debug\CapSense.o .\CortexM0\ARM_GCC_541\Debug\CapSense_PM.o .\CortexM0\ARM_GCC_541\Debug\CapSense_CSHL.o .\CortexM0\ARM_GCC_541\Debug\CapSense_INT.o .\CortexM0\ARM_GCC_541\Debug\CapSense_TunerHelper.o .\CortexM0\ARM_GCC_541\Debug\CapSense_SMS.o .\CortexM0\ARM_GCC_541\Debug\IDAC_8bit_Out.o .\CortexM0\ARM_GCC_541\Debug\IDAC_8bit_Out_PM.o .\CortexM0\ARM_GCC_541\Debug\IDAC_7bit_In.o .\CortexM0\ARM_GCC_541\Debug\IDAC_7bit_In_PM.o .\CortexM0\ARM_GCC_541\Debug\IDAC_8bit.o .\CortexM0\ARM_GCC_541\Debug\IDAC_8bit_PM.o .\CortexM0\ARM_GCC_541\Debug\IDAC_7bit.o .\CortexM0\ARM_GCC_541\Debug\IDAC_7bit_PM.o .\CortexM0\ARM_GCC_541\Debug\ADC_EOC_Int.o .\CortexM0\ARM_GCC_541\Debug\ADC_2_Buffer.o .\CortexM0\ARM_GCC_541\Debug\ADC_2_Buffer_PM.o .\CortexM0\ARM_GCC_541\Debug\ADC_3_Buffer.o .\CortexM0\ARM_GCC_541\Debug\ADC_3_Buffer_PM.o .\CortexM0\ARM_GCC_541\Debug\ADC_0.o .\CortexM0\ARM_GCC_541\Debug\ADC_0_PM.o .\CortexM0\ARM_GCC_541\Debug\ADC_1P.o .\CortexM0\ARM_GCC_541\Debug\ADC_1P_PM.o .\CortexM0\ARM_GCC_541\Debug\ADC_1M.o .\CortexM0\ARM_GCC_541\Debug\ADC_1M_PM.o .\CortexM0\ARM_GCC_541\Debug\ADC_2.o .\CortexM0\ARM_GCC_541\Debug\ADC_2_PM.o .\CortexM0\ARM_GCC_541\Debug\ADC_3.o .\CortexM0\ARM_GCC_541\Debug\ADC_3_PM.o .\CortexM0\ARM_GCC_541\Debug\ADC.o .\CortexM0\ARM_GCC_541\Debug\ADC_PM.o .\CortexM0\ARM_GCC_541\Debug\ADC_INT.o .\CortexM0\ARM_GCC_541\Debug\Clock_1MHz.o .\CortexM0\ARM_GCC_541\Debug\PWM_0_Int.o .\CortexM0\ARM_GCC_541\Debug\PWM_0_Out.o .\CortexM0\ARM_GCC_541\Debug\PWM_0_Out_PM.o .\CortexM0\ARM_GCC_541\Debug\PWM_1_Out.o .\CortexM0\ARM_GCC_541\Debug\PWM_1_Out_PM.o .\CortexM0\ARM_GCC_541\Debug\PWM_2_Out.o .\CortexM0\ARM_GCC_541\Debug\PWM_2_Out_PM.o .\CortexM0\ARM_GCC_541\Debug\Timer.o .\CortexM0\ARM_GCC_541\Debug\Timer_PM.o .\CortexM0\ARM_GCC_541\Debug\PWM_2.o .\CortexM0\ARM_GCC_541\Debug\PWM_2_PM.o .\CortexM0\ARM_GCC_541\Debug\PWM_1.o .\CortexM0\ARM_GCC_541\Debug\PWM_1_PM.o .\CortexM0\ARM_GCC_541\Debug\PWM_0.o .\CortexM0\ARM_GCC_541\Debug\PWM_0_PM.o .\CortexM0\ARM_GCC_541\Debug\CapSense_SampleClk.o .\CortexM0\ARM_GCC_541\Debug\CapSense_SenseClk.o .\CortexM0\ARM_GCC_541\Debug\ADC_IRQ.o .\CortexM0\ARM_GCC_541\Debug\ADC_intClock.o .\CortexM0\ARM_GCC_541\Debug\CyFlash.o .\CortexM0\ARM_GCC_541\Debug\CyLib.o .\CortexM0\ARM_GCC_541\Debug\cyPm.o .\CortexM0\ARM_GCC_541\Debug\cyutils.o .\CortexM0\ARM_GCC_541\Debug\CyDMA.o .\CortexM0\ARM_GCC_541\Debug\CyLFClk.o .\CortexM0\ARM_GCC_541\Debug\cy_em_eeprom.o .\CortexM0\ARM_GCC_541\Debug\RX_1.o .\CortexM0\ARM_GCC_541\Debug\RX_1_PM.o .\CortexM0\ARM_GCC_541\Debug\TX_1.o .\CortexM0\ARM_GCC_541\Debug\TX_1_PM.o .\CortexM0\ARM_GCC_541\Debug\CAN_1.o .\CortexM0\ARM_GCC_541\Debug\CAN_1_INT.o .\CortexM0\ARM_GCC_541\Debug\CAN_1_PM.o .\CortexM0\ARM_GCC_541\Debug\CAN_1_TX_RX_func.o .\CortexM0\ARM_GCC_541\Debug\UART_1.o .\CortexM0\ARM_GCC_541\Debug\UART_1_SPI_UART.o .\CortexM0\ARM_GCC_541\Debug\UART_1_SPI_UART_INT.o .\CortexM0\ARM_GCC_541\Debug\UART_1_PM.o .\CortexM0\ARM_GCC_541\Debug\UART_1_UART.o .\CortexM0\ARM_GCC_541\Debug\UART_1_BOOT.o .\CortexM0\ARM_GCC_541\Debug\UART_1_UART_BOOT.o .\CortexM0\ARM_GCC_541\Debug\Status_Reg_1.o .\CortexM0\ARM_GCC_541\Debug\Timer_1.o .\CortexM0\ARM_GCC_541\Debug\Timer_1_PM.o .\CortexM0\ARM_GCC_541\Debug\PWM_3.o .\CortexM0\ARM_GCC_541\Debug\PWM_3_PM.o .\CortexM0\ARM_GCC_541\Debug\Clock_1.o .\CortexM0\ARM_GCC_541\Debug\Clock_2.o .\CortexM0\ARM_GCC_541\Debug\CAN_1_isr.o .\CortexM0\ARM_GCC_541\Debug\CAN_1_HFCLK.o .\CortexM0\ARM_GCC_541\Debug\UART_1_SCBCLK.o .\CortexM0\ARM_GCC_541\Debug\UART_1_tx.o .\CortexM0\ARM_GCC_541\Debug\UART_1_tx_PM.o .\CortexM0\ARM_GCC_541\Debug\UART_1_rx.o .\CortexM0\ARM_GCC_541\Debug\UART_1_rx_PM.o .\CortexM0\ARM_GCC_541\Debug\CyBootAsmGnu.o
arm-none-eabi-ar.exe: creating .\CortexM0\ARM_GCC_541\Debug\GeneralPurposeMotorBoard.a
arm-none-eabi-gcc.exe -Wl,--start-group -o C:\Users\vboxuser\HuskyRobotics\General_Purpose_Motor_Board_PY2023\GeneralPurposeMotorBoard\GeneralPurposeMotorBoard.cydsn\CortexM0\ARM_GCC_541\Debug\GeneralPurposeMotorBoard.elf .\CortexM0\ARM_GCC_541\Debug\main.o .\CortexM0\ARM_GCC_541\Debug\PID.o .\CortexM0\ARM_GCC_541\Debug\CANCommon.o .\CortexM0\ARM_GCC_541\Debug\CANGPIO.o .\CortexM0\ARM_GCC_541\Debug\CANLocalization.o .\CortexM0\ARM_GCC_541\Debug\CANMotorUnit.o .\CortexM0\ARM_GCC_541\Debug\CANPacket.o .\CortexM0\ARM_GCC_541\Debug\CANPower.o .\CortexM0\ARM_GCC_541\Debug\CANScience.o .\CortexM0\ARM_GCC_541\Debug\MotorDrive.o .\CortexM0\ARM_GCC_541\Debug\MotorBoardCAN.o .\CortexM0\ARM_GCC_541\Debug\MotorBoardFSM.o .\CortexM0\ARM_GCC_541\Debug\cyfitter_cfg.o .\CortexM0\ARM_GCC_541\Debug\cymetadata.o .\CortexM0\ARM_GCC_541\Debug\Cm0Start.o .\CortexM0\ARM_GCC_541\Debug\GeneralPurposeMotorBoard.a "C:\Program Files (x86)\Cypress\PSoC Creator\4.4\PSoC Creator\psoc\content\CyComponentLibrary\CyComponentLibrary.cylib\CapSense_CSD_P4_v2_60\PSoC4\Library\CapsenseP4Library_GCC.a" -mcpu=cortex-m0 -mthumb -L Generated_Source\PSoC4 -Wl,-Map,.\CortexM0\ARM_GCC_541\Debug/GeneralPurposeMotorBoard.map -T Generated_Source\PSoC4\cm0gcc.ld -specs=nano.specs -Wl,--gc-sections -g -ffunction-sections -Og -ffat-lto-objects -Wl,--end-group
.\CortexM0\ARM_GCC_541\Debug\main.o: In function `Period_Reset_Handler':
C:\Users\vboxuser\HuskyRobotics\General_Purpose_Motor_Board_PY2023\GeneralPurposeMotorBoard\GeneralPurposeMotorBoard.cydsn/main.c:38: undefined reference to `Timer_PWM_ReadStatusRegister'
.\CortexM0\ARM_GCC_541\Debug\main.o: In function `Pin_Limit_Handler':
C:\Users\vboxuser\HuskyRobotics\General_Purpose_Motor_Board_PY2023\GeneralPurposeMotorBoard\GeneralPurposeMotorBoard.cydsn/main.c:75: undefined reference to `Status_Reg_Switches_Read'
.\CortexM0\ARM_GCC_541\Debug\main.o: In function `Initialize':
C:\Users\vboxuser\HuskyRobotics\General_Purpose_Motor_Board_PY2023\GeneralPurposeMotorBoard\GeneralPurposeMotorBoard.cydsn/main.c:148: undefined reference to `Status_Reg_Switches_InterruptEnable'
C:\Users\vboxuser\HuskyRobotics\General_Purpose_Motor_Board_PY2023\GeneralPurposeMotorBoard\GeneralPurposeMotorBoard.cydsn/main.c:150: undefined reference to `Can_addr_Read'
C:\Users\vboxuser\HuskyRobotics\General_Purpose_Motor_Board_PY2023\GeneralPurposeMotorBoard\GeneralPurposeMotorBoard.cydsn/main.c:171: undefined reference to `InitCAN'
C:\Users\vboxuser\HuskyRobotics\General_Purpose_Motor_Board_PY2023\GeneralPurposeMotorBoard\GeneralPurposeMotorBoard.cydsn/main.c:172: undefined reference to `Timer_PWM_Start'
C:\Users\vboxuser\HuskyRobotics\General_Purpose_Motor_Board_PY2023\GeneralPurposeMotorBoard\GeneralPurposeMotorBoard.cydsn/main.c:173: undefined reference to `QuadDec_Start'
C:\Users\vboxuser\HuskyRobotics\General_Purpose_Motor_Board_PY2023\GeneralPurposeMotorBoard\GeneralPurposeMotorBoard.cydsn/main.c:174: undefined reference to `PWM_Motor_Start'
C:\Users\vboxuser\HuskyRobotics\General_Purpose_Motor_Board_PY2023\GeneralPurposeMotorBoard\GeneralPurposeMotorBoard.cydsn/main.c:176: undefined reference to `isr_Limit_1_StartEx'
C:\Users\vboxuser\HuskyRobotics\General_Purpose_Motor_Board_PY2023\GeneralPurposeMotorBoard\GeneralPurposeMotorBoard.cydsn/main.c:177: undefined reference to `isr_period_PWM_StartEx'
.\CortexM0\ARM_GCC_541\Debug\main.o: In function `main':
C:\Users\vboxuser\HuskyRobotics\General_Purpose_Motor_Board_PY2023\GeneralPurposeMotorBoard\GeneralPurposeMotorBoard.cydsn/main.c:101: undefined reference to `Status_Reg_Switches_Read'
.\CortexM0\ARM_GCC_541\Debug\main.o: In function `ReadCAN':
C:\Users\vboxuser\HuskyRobotics\General_Purpose_Motor_Board_PY2023\GeneralPurposeMotorBoard\GeneralPurposeMotorBoard.cydsn/main.c:192: undefined reference to `PollAndReceiveCANPacket'
The command 'arm-none-eabi-gcc.exe' failed with exit code '1'.
.\CortexM0\ARM_GCC_541\Debug\main.o: In function `DisplayErrorCode':
C:\Users\vboxuser\HuskyRobotics\General_Purpose_Motor_Board_PY2023\GeneralPurposeMotorBoard\GeneralPurposeMotorBoard.cydsn/main.c:216: undefined reference to `ERROR_LED_Write'
.\CortexM0\ARM_GCC_541\Debug\PID.o: In function `GetEncoderValWithFlip':
C:\Users\vboxuser\HuskyRobotics\General_Purpose_Motor_Board_PY2023\GeneralPurposeMotorBoard\GeneralPurposeMotorBoard.cydsn/PID.c:91: undefined reference to `QuadDec_GetCounter'
.\CortexM0\ARM_GCC_541\Debug\PID.o: In function `SetPosition':
C:\Users\vboxuser\HuskyRobotics\General_Purpose_Motor_Board_PY2023\GeneralPurposeMotorBoard\GeneralPurposeMotorBoard.cydsn/PID.c:115: undefined reference to `Status_Reg_Switches_Read'
C:\Users\vboxuser\HuskyRobotics\General_Purpose_Motor_Board_PY2023\GeneralPurposeMotorBoard\GeneralPurposeMotorBoard.cydsn/PID.c:117: undefined reference to `Status_Reg_Switches_Read'
C:\Users\vboxuser\HuskyRobotics\General_Purpose_Motor_Board_PY2023\GeneralPurposeMotorBoard\GeneralPurposeMotorBoard.cydsn/PID.c:119: undefined reference to `Status_Reg_Switches_Read'
.\CortexM0\ARM_GCC_541\Debug\CANPacket.o: In function `WriteSenderSerialAndPacketID':
C:\Users\vboxuser\HuskyRobotics\General_Purpose_Motor_Board_PY2023\GeneralPurposeMotorBoard\GeneralPurposeMotorBoard.cydsn/..\HindsightCAN/CANPacket.c:67: undefined reference to `getLocalDeviceGroup'
C:\Users\vboxuser\HuskyRobotics\General_Purpose_Motor_Board_PY2023\GeneralPurposeMotorBoard\GeneralPurposeMotorBoard.cydsn/..\HindsightCAN/CANPacket.c:68: undefined reference to `getLocalDeviceSerial'
.\CortexM0\ARM_GCC_541\Debug\MotorDrive.o: In function `set_PWM':
C:\Users\vboxuser\HuskyRobotics\General_Purpose_Motor_Board_PY2023\GeneralPurposeMotorBoard\GeneralPurposeMotorBoard.cydsn/MotorDrive.c:20: undefined reference to `Pin_Direction_Write'
C:\Users\vboxuser\HuskyRobotics\General_Purpose_Motor_Board_PY2023\GeneralPurposeMotorBoard\GeneralPurposeMotorBoard.cydsn/MotorDrive.c:22: undefined reference to `PWM_Motor_WriteCompare'
C:\Users\vboxuser\HuskyRobotics\General_Purpose_Motor_Board_PY2023\GeneralPurposeMotorBoard\GeneralPurposeMotorBoard.cydsn/MotorDrive.c:24: undefined reference to `Pin_Direction_Write'
C:\Users\vboxuser\HuskyRobotics\General_Purpose_Motor_Board_PY2023\GeneralPurposeMotorBoard\GeneralPurposeMotorBoard.cydsn/MotorDrive.c:26: undefined reference to `PWM_Motor_WriteCompare'
C:\Users\vboxuser\HuskyRobotics\General_Purpose_Motor_Board_PY2023\GeneralPurposeMotorBoard\GeneralPurposeMotorBoard.cydsn/MotorDrive.c:29: undefined reference to `PWM_Motor_WriteCompare'
.\CortexM0\ARM_GCC_541\Debug\MotorBoardCAN.o: In function `SendEncoderData':
C:\Users\vboxuser\HuskyRobotics\General_Purpose_Motor_Board_PY2023\GeneralPurposeMotorBoard\GeneralPurposeMotorBoard.cydsn/MotorBoardCAN.c:19: undefined reference to `SendCANPacket'
.\CortexM0\ARM_GCC_541\Debug\MotorBoardCAN.o: In function `NextStateFromCAN':
C:\Users\vboxuser\HuskyRobotics\General_Purpose_Motor_Board_PY2023\GeneralPurposeMotorBoard\GeneralPurposeMotorBoard.cydsn/MotorBoardCAN.c:106: undefined reference to `QuadDec_SetCounter'
collect2.exe: error: ld returned 1 exit status
--------------- Rebuild Failed: 12/24/2022 18:33:57 ---------------
